#
# There is insufficient memory for the Java Runtime Environment to continue.
# Native memory allocation (mmap) failed to map 7340032 bytes. Error detail: G1 virtual space
# Possible reasons:
#   The system is out of physical RAM or swap space
#   This process is running with CompressedOops enabled, and the Java Heap may be blocking the growth of the native heap
# Possible solutions:
#   Reduce memory load on the system
#   Increase physical memory or swap space
#   Check if swap backing store is full
#   Decrease Java heap size (-Xmx/-Xms)
#   Decrease number of Java threads
#   Decrease Java thread stack sizes (-Xss)
#   Set larger code cache with -XX:ReservedCodeCacheSize=
#   JVM is running with Unscaled Compressed Oops mode in which the Java heap is
#     placed in the first 4GB address space. The Java Heap base address is the
#     maximum limit for the native heap growth. Please use -XX:HeapBaseMinAddress
#     to set the Java Heap base and to place the Java Heap above 4GB virtual address.
# This output file may be truncated or incomplete.
#
#  Out of Memory Error (os_windows.cpp:3898), pid=5908, tid=5764
#
# JRE version: OpenJDK Runtime Environment (21.0.6) (build 21.0.6+-13368085-b895.109)
# Java VM: OpenJDK 64-Bit Server VM (21.0.6+-13368085-b895.109, mixed mode, tiered, compressed oops, compressed class ptrs, g1 gc, windows-amd64)
# No core dump will be written. Minidumps are not enabled by default on client versions of Windows
#

---------------  S U M M A R Y ------------

Command Line: --add-opens=java.base/java.lang=ALL-UNNAMED --add-opens=java.base/java.lang.invoke=ALL-UNNAMED --add-opens=java.base/java.util=ALL-UNNAMED --add-opens=java.prefs/java.util.prefs=ALL-UNNAMED --add-exports=jdk.compiler/com.sun.tools.javac.api=ALL-UNNAMED --add-exports=jdk.compiler/com.sun.tools.javac.util=ALL-UNNAMED --add-opens=java.base/java.util=ALL-UNNAMED --add-opens=java.prefs/java.util.prefs=ALL-UNNAMED --add-opens=java.base/java.nio.charset=ALL-UNNAMED --add-opens=java.base/java.net=ALL-UNNAMED --add-opens=java.base/java.util.concurrent.atomic=ALL-UNNAMED --add-opens=java.xml/javax.xml.namespace=ALL-UNNAMED -Xmx2048m -Dfile.encoding=UTF-8 -Duser.country=US -Duser.language=en -Duser.variant -javaagent:C:\Users\DEEPAK SHARMA\.gradle\wrapper\dists\gradle-8.14.2-bin\2pb3mgt1p815evrl3weanttgr\gradle-8.14.2\lib\agents\gradle-instrumentation-agent-8.14.2.jar org.gradle.launcher.daemon.bootstrap.GradleDaemon 8.14.2

Host: Intel(R) Core(TM) i5-7300HQ CPU @ 2.50GHz, 4 cores, 7G,  Windows 11 , 64 bit Build 26100 (10.0.26100.5651)
Time: Mon Jun 23 15:29:12 2025 India Standard Time elapsed time: 65.351929 seconds (0d 0h 1m 5s)

---------------  T H R E A D  ---------------

Current thread (0x0000019b4a3fac40):  VMThread "VM Thread"          [id=5764, stack(0x0000009a2c700000,0x0000009a2c800000) (1024K)]

Stack: [0x0000009a2c700000,0x0000009a2c800000]
Native frames: (J=compiled Java code, j=interpreted, Vv=VM code, C=native code)
V  [jvm.dll+0x6d0639]
V  [jvm.dll+0x85eb03]
V  [jvm.dll+0x86105e]
V  [jvm.dll+0x861743]
V  [jvm.dll+0x27e6e6]
V  [jvm.dll+0x6ccfd5]
V  [jvm.dll+0x6c0a8a]
V  [jvm.dll+0x35537b]
V  [jvm.dll+0x35cfd6]
V  [jvm.dll+0x3aef86]
V  [jvm.dll+0x3af258]
V  [jvm.dll+0x327a2c]
V  [jvm.dll+0x32a436]
V  [jvm.dll+0x33438d]
V  [jvm.dll+0x36ba15]
V  [jvm.dll+0x8674c8]
V  [jvm.dll+0x868844]
V  [jvm.dll+0x868d80]
V  [jvm.dll+0x869013]
V  [jvm.dll+0x806ed8]
V  [jvm.dll+0x6cef0d]
C  [ucrtbase.dll+0x37b0]
C  [KERNEL32.DLL+0x2e8d7]
C  [ntdll.dll+0x128dc]

VM_Operation (0x0000009a2c2ffaf0): G1PauseRemark, mode: safepoint, requested by thread 0x0000019b33627320


---------------  P R O C E S S  ---------------

Threads class SMR info:
_java_thread_list=0x0000019b4f32b5c0, length=48, elements={
0x0000019b31289450, 0x0000019b4a5ed4a0, 0x0000019b4a5eea60, 0x0000019b4a5ef4b0,
0x0000019b4a5ce730, 0x0000019b4a5cf180, 0x0000019b4a5cfbd0, 0x0000019b4a5d2960,
0x0000019b4a5effd0, 0x0000019b4a71daf0, 0x0000019b4a966260, 0x0000019b4f1518e0,
0x0000019b4a9527a0, 0x0000019b4fc3def0, 0x0000019b50553140, 0x0000019b4f37c360,
0x0000019b508622d0, 0x0000019b5097ce20, 0x0000019b5097d480, 0x0000019b5097dae0,
0x0000019b509a8ee0, 0x0000019b509a9570, 0x0000019b509a9c00, 0x0000019b509a8850,
0x0000019b509aa290, 0x0000019b509aa920, 0x0000019b509a74a0, 0x0000019b509a7b30,
0x0000019b509a81c0, 0x0000019b5240b060, 0x0000019b5240d7c0, 0x0000019b5240caa0,
0x0000019b5240de50, 0x0000019b5240e4e0, 0x0000019b5240b6f0, 0x0000019b5240f200,
0x0000019b5240bd80, 0x0000019b524112d0, 0x0000019b52411ff0, 0x0000019b52411960,
0x0000019b52412680, 0x0000019b5240ff20, 0x0000019b524105b0, 0x0000019b52410c40,
0x0000019b51f4a540, 0x0000019b51f49eb0, 0x0000019b51f4b260, 0x0000019b51f47de0
}

Java Threads: ( => current thread )
  0x0000019b31289450 JavaThread "main"                              [_thread_blocked, id=9284, stack(0x0000009a2c000000,0x0000009a2c100000) (1024K)]
  0x0000019b4a5ed4a0 JavaThread "Reference Handler"          daemon [_thread_blocked, id=11940, stack(0x0000009a2c800000,0x0000009a2c900000) (1024K)]
  0x0000019b4a5eea60 JavaThread "Finalizer"                  daemon [_thread_blocked, id=4728, stack(0x0000009a2c900000,0x0000009a2ca00000) (1024K)]
  0x0000019b4a5ef4b0 JavaThread "Signal Dispatcher"          daemon [_thread_blocked, id=5924, stack(0x0000009a2ca00000,0x0000009a2cb00000) (1024K)]
  0x0000019b4a5ce730 JavaThread "Attach Listener"            daemon [_thread_blocked, id=9736, stack(0x0000009a2cb00000,0x0000009a2cc00000) (1024K)]
  0x0000019b4a5cf180 JavaThread "Service Thread"             daemon [_thread_blocked, id=7744, stack(0x0000009a2cc00000,0x0000009a2cd00000) (1024K)]
  0x0000019b4a5cfbd0 JavaThread "Monitor Deflation Thread"   daemon [_thread_blocked, id=9616, stack(0x0000009a2cd00000,0x0000009a2ce00000) (1024K)]
  0x0000019b4a5d2960 JavaThread "C2 CompilerThread0"         daemon [_thread_blocked, id=3548, stack(0x0000009a2ce00000,0x0000009a2cf00000) (1024K)]
  0x0000019b4a5effd0 JavaThread "C1 CompilerThread0"         daemon [_thread_blocked, id=4824, stack(0x0000009a2cf00000,0x0000009a2d000000) (1024K)]
  0x0000019b4a71daf0 JavaThread "Common-Cleaner"             daemon [_thread_blocked, id=6428, stack(0x0000009a2d000000,0x0000009a2d100000) (1024K)]
  0x0000019b4a966260 JavaThread "Notification Thread"        daemon [_thread_blocked, id=10732, stack(0x0000009a2d100000,0x0000009a2d200000) (1024K)]
  0x0000019b4f1518e0 JavaThread "Daemon health stats"               [_thread_blocked, id=9524, stack(0x0000009a2d500000,0x0000009a2d600000) (1024K)]
  0x0000019b4a9527a0 JavaThread "Incoming local TCP Connector on port 54734"        [_thread_in_native, id=10852, stack(0x0000009a2d600000,0x0000009a2d700000) (1024K)]
  0x0000019b4fc3def0 JavaThread "Daemon periodic checks"            [_thread_blocked, id=13932, stack(0x0000009a2d700000,0x0000009a2d800000) (1024K)]
  0x0000019b50553140 JavaThread "Daemon"                            [_thread_blocked, id=2860, stack(0x0000009a2d800000,0x0000009a2d900000) (1024K)]
  0x0000019b4f37c360 JavaThread "Handler for socket connection from /127.0.0.1:54734 to /127.0.0.1:54740"        [_thread_in_native, id=8592, stack(0x0000009a2d900000,0x0000009a2da00000) (1024K)]
  0x0000019b508622d0 JavaThread "Cancel handler"                    [_thread_blocked, id=7752, stack(0x0000009a2da00000,0x0000009a2db00000) (1024K)]
  0x0000019b5097ce20 JavaThread "Daemon worker"                     [_thread_blocked, id=380, stack(0x0000009a2db00000,0x0000009a2dc00000) (1024K)]
  0x0000019b5097d480 JavaThread "Asynchronous log dispatcher for DefaultDaemonConnection: socket connection from /127.0.0.1:54734 to /127.0.0.1:54740"        [_thread_blocked, id=11432, stack(0x0000009a2dc00000,0x0000009a2dd00000) (1024K)]
  0x0000019b5097dae0 JavaThread "Stdin handler"                     [_thread_blocked, id=13784, stack(0x0000009a2dd00000,0x0000009a2de00000) (1024K)]
  0x0000019b509a8ee0 JavaThread "Daemon client event forwarder"        [_thread_blocked, id=11788, stack(0x0000009a2de00000,0x0000009a2df00000) (1024K)]
  0x0000019b509a9570 JavaThread "Cache worker for journal cache (C:\Users\DEEPAK SHARMA\.gradle\caches\journal-1)"        [_thread_blocked, id=4384, stack(0x0000009a2df00000,0x0000009a2e000000) (1024K)]
  0x0000019b509a9c00 JavaThread "File lock request listener"        [_thread_in_native, id=10812, stack(0x0000009a2e000000,0x0000009a2e100000) (1024K)]
  0x0000019b509a8850 JavaThread "Cache worker for file hash cache (C:\Users\DEEPAK SHARMA\.gradle\caches\8.14.2\fileHashes)"        [_thread_blocked, id=10748, stack(0x0000009a2e100000,0x0000009a2e200000) (1024K)]
  0x0000019b509aa290 JavaThread "Cache worker for file hash cache (C:\src\as\equestre\.gradle\8.14.2\fileHashes)"        [_thread_blocked, id=3624, stack(0x0000009a2e300000,0x0000009a2e400000) (1024K)]
  0x0000019b509aa920 JavaThread "Cache worker for Build Output Cleanup Cache (C:\src\as\equestre\.gradle\buildOutputCleanup)"        [_thread_blocked, id=4016, stack(0x0000009a2e400000,0x0000009a2e500000) (1024K)]
  0x0000019b509a74a0 JavaThread "File lock release action executor"        [_thread_blocked, id=2828, stack(0x0000009a2e500000,0x0000009a2e600000) (1024K)]
  0x0000019b509a7b30 JavaThread "File watcher server"        daemon [_thread_in_native, id=14004, stack(0x0000009a2e600000,0x0000009a2e700000) (1024K)]
  0x0000019b509a81c0 JavaThread "File watcher consumer"      daemon [_thread_blocked, id=11540, stack(0x0000009a2e700000,0x0000009a2e800000) (1024K)]
  0x0000019b5240b060 JavaThread "jar transforms"                    [_thread_blocked, id=8456, stack(0x0000009a2e200000,0x0000009a2e300000) (1024K)]
  0x0000019b5240d7c0 JavaThread "jar transforms Thread 2"           [_thread_blocked, id=6716, stack(0x0000009a2e800000,0x0000009a2e900000) (1024K)]
  0x0000019b5240caa0 JavaThread "jar transforms Thread 3"           [_thread_blocked, id=5756, stack(0x0000009a2e900000,0x0000009a2ea00000) (1024K)]
  0x0000019b5240de50 JavaThread "jar transforms Thread 4"           [_thread_blocked, id=4852, stack(0x0000009a2ea00000,0x0000009a2eb00000) (1024K)]
  0x0000019b5240e4e0 JavaThread "Cache worker for checksums cache (C:\src\as\equestre\.gradle\8.14.2\checksums)"        [_thread_blocked, id=1564, stack(0x0000009a2ec00000,0x0000009a2ed00000) (1024K)]
  0x0000019b5240b6f0 JavaThread "Cache worker for file content cache (C:\Users\DEEPAK SHARMA\.gradle\caches\8.14.2\fileContent)"        [_thread_blocked, id=1076, stack(0x0000009a2ed00000,0x0000009a2ee00000) (1024K)]
  0x0000019b5240f200 JavaThread "Cache worker for cache directory md-supplier (C:\Users\DEEPAK SHARMA\.gradle\caches\8.14.2\md-supplier)"        [_thread_blocked, id=10316, stack(0x0000009a2eb00000,0x0000009a2ec00000) (1024K)]
  0x0000019b5240bd80 JavaThread "Cache worker for cache directory md-rule (C:\Users\DEEPAK SHARMA\.gradle\caches\8.14.2\md-rule)"        [_thread_blocked, id=7412, stack(0x0000009a2ee00000,0x0000009a2ef00000) (1024K)]
  0x0000019b524112d0 JavaThread "Unconstrained build operations"        [_thread_blocked, id=7400, stack(0x0000009a2ef00000,0x0000009a2f000000) (1024K)]
  0x0000019b52411ff0 JavaThread "Unconstrained build operations Thread 2"        [_thread_blocked, id=8200, stack(0x0000009a2f000000,0x0000009a2f100000) (1024K)]
  0x0000019b52411960 JavaThread "Unconstrained build operations Thread 3"        [_thread_blocked, id=3864, stack(0x0000009a2f100000,0x0000009a2f200000) (1024K)]
  0x0000019b52412680 JavaThread "Unconstrained build operations Thread 4"        [_thread_blocked, id=1440, stack(0x0000009a2f200000,0x0000009a2f300000) (1024K)]
  0x0000019b5240ff20 JavaThread "Unconstrained build operations Thread 5"        [_thread_blocked, id=12636, stack(0x0000009a2f300000,0x0000009a2f400000) (1024K)]
  0x0000019b524105b0 JavaThread "Unconstrained build operations Thread 6"        [_thread_blocked, id=1060, stack(0x0000009a2f400000,0x0000009a2f500000) (1024K)]
  0x0000019b52410c40 JavaThread "Unconstrained build operations Thread 7"        [_thread_blocked, id=11576, stack(0x0000009a2f500000,0x0000009a2f600000) (1024K)]
  0x0000019b51f4a540 JavaThread "Unconstrained build operations Thread 8"        [_thread_blocked, id=3592, stack(0x0000009a2f600000,0x0000009a2f700000) (1024K)]
  0x0000019b51f49eb0 JavaThread "Unconstrained build operations Thread 9"        [_thread_blocked, id=2008, stack(0x0000009a2f700000,0x0000009a2f800000) (1024K)]
  0x0000019b51f4b260 JavaThread "Unconstrained build operations Thread 10"        [_thread_blocked, id=7480, stack(0x0000009a2f800000,0x0000009a2f900000) (1024K)]
  0x0000019b51f47de0 JavaThread "Kotlin DSL Writer"                 [_thread_blocked, id=1052, stack(0x0000009a2bd00000,0x0000009a2be00000) (1024K)]
Total: 48

Other Threads:
=>0x0000019b4a3fac40 VMThread "VM Thread"                           [id=5764, stack(0x0000009a2c700000,0x0000009a2c800000) (1024K)]
  0x0000019b4a3b2df0 WatcherThread "VM Periodic Task Thread"        [id=5600, stack(0x0000009a2c600000,0x0000009a2c700000) (1024K)]
  0x0000019b33616430 WorkerThread "GC Thread#0"                     [id=9740, stack(0x0000009a2c100000,0x0000009a2c200000) (1024K)]
  0x0000019b4f1a6760 WorkerThread "GC Thread#1"                     [id=6784, stack(0x0000009a2d200000,0x0000009a2d300000) (1024K)]
  0x0000019b4f1a6b00 WorkerThread "GC Thread#2"                     [id=14288, stack(0x0000009a2d300000,0x0000009a2d400000) (1024K)]
  0x0000019b4fce5840 WorkerThread "GC Thread#3"                     [id=8824, stack(0x0000009a2d400000,0x0000009a2d500000) (1024K)]
  0x0000019b33627320 ConcurrentGCThread "G1 Main Marker"            [id=11812, stack(0x0000009a2c200000,0x0000009a2c300000) (1024K)]
  0x0000019b33628d40 WorkerThread "G1 Conc#0"                       [id=13984, stack(0x0000009a2c300000,0x0000009a2c400000) (1024K)]
  0x0000019b3367e3b0 ConcurrentGCThread "G1 Refine#0"               [id=11220, stack(0x0000009a2c400000,0x0000009a2c500000) (1024K)]
  0x0000019b4a277f50 ConcurrentGCThread "G1 Service"                [id=1372, stack(0x0000009a2c500000,0x0000009a2c600000) (1024K)]
Total: 10

Threads with active compile tasks:
Total: 0

VM state: at safepoint (normal execution)

VM Mutex/Monitor currently owned by a thread:  ([mutex/lock_event])
[0x00007ffe5ce3e3a0] Threads_lock - owner thread: 0x0000019b4a3fac40
[0x00007ffe5ce3e4a0] Heap_lock - owner thread: 0x0000019b33627320

Heap address: 0x0000000080000000, size: 2048 MB, Compressed Oops mode: 32-bit

CDS archive(s) not mapped
Compressed class space mapped at: 0x0000000100000000-0x0000000140000000, reserved size: 1073741824
Narrow klass base: 0x0000000000000000, Narrow klass shift: 3, Narrow klass range: 0x140000000

GC Precious Log:
 CardTable entry size: 512
 Card Set container configuration: InlinePtr #cards 5 size 8 Array Of Cards #cards 12 size 40 Howl #buckets 4 coarsen threshold 1843 Howl Bitmap #cards 512 size 80 coarsen threshold 460 Card regions per heap region 1 cards per card region 2048
 CPUs: 4 total, 4 available
 Memory: 8075M
 Large Page Support: Disabled
 NUMA Support: Disabled
 Compressed Oops: Enabled (32-bit)
 Heap Region Size: 1M
 Heap Min Capacity: 8M
 Heap Initial Capacity: 128M
 Heap Max Capacity: 2G
 Pre-touch: Disabled
 Parallel Workers: 4
 Concurrent Workers: 1
 Concurrent Refinement Workers: 4
 Periodic GC: Disabled

Heap:
 garbage-first heap   total 133120K, used 82802K [0x0000000080000000, 0x0000000100000000)
  region size 1024K, 6 young (6144K), 5 survivors (5120K)
 Metaspace       used 93179K, committed 95168K, reserved 1179648K
  class space    used 12813K, committed 13760K, reserved 1048576K

Heap Regions: E=young(eden), S=young(survivor), O=old, HS=humongous(starts), HC=humongous(continues), CS=collection set, F=free, TAMS=top-at-mark-start, PB=parsable bottom
|   0|0x0000000080000000, 0x0000000080100000, 0x0000000080100000|100%|HS|  |TAMS 0x0000000080100000| PB 0x0000000080000000| Complete 
|   1|0x0000000080100000, 0x0000000080200000, 0x0000000080200000|100%|HC|  |TAMS 0x0000000080200000| PB 0x0000000080100000| Complete 
|   2|0x0000000080200000, 0x0000000080300000, 0x0000000080300000|100%|HC|  |TAMS 0x0000000080300000| PB 0x0000000080200000| Complete 
|   3|0x0000000080300000, 0x0000000080400000, 0x0000000080400000|100%| O|  |TAMS 0x0000000080400000| PB 0x0000000080400000| Untracked 
|   4|0x0000000080400000, 0x0000000080500000, 0x0000000080500000|100%| O|  |TAMS 0x0000000080500000| PB 0x0000000080500000| Untracked 
|   5|0x0000000080500000, 0x0000000080600000, 0x0000000080600000|100%| O|  |TAMS 0x0000000080600000| PB 0x0000000080600000| Untracked 
|   6|0x0000000080600000, 0x0000000080700000, 0x0000000080700000|100%|HS|  |TAMS 0x0000000080700000| PB 0x0000000080600000| Complete 
|   7|0x0000000080700000, 0x0000000080800000, 0x0000000080800000|100%| O|  |TAMS 0x0000000080800000| PB 0x0000000080800000| Updating 
|   8|0x0000000080800000, 0x0000000080900000, 0x0000000080900000|100%| O|  |TAMS 0x0000000080900000| PB 0x0000000080900000| Untracked 
|   9|0x0000000080900000, 0x0000000080a00000, 0x0000000080a00000|100%| O|  |TAMS 0x0000000080a00000| PB 0x0000000080a00000| Untracked 
|  10|0x0000000080a00000, 0x0000000080ae54e0, 0x0000000080b00000| 89%| O|  |TAMS 0x0000000080ae54e0| PB 0x0000000080ae54e0| Updating 
|  11|0x0000000080b00000, 0x0000000080c00000, 0x0000000080c00000|100%| O|  |TAMS 0x0000000080c00000| PB 0x0000000080c00000| Untracked 
|  12|0x0000000080c00000, 0x0000000080d00000, 0x0000000080d00000|100%| O|  |TAMS 0x0000000080d00000| PB 0x0000000080d00000| Untracked 
|  13|0x0000000080d00000, 0x0000000080e00000, 0x0000000080e00000|100%| O|  |TAMS 0x0000000080e00000| PB 0x0000000080e00000| Untracked 
|  14|0x0000000080e00000, 0x0000000080f00000, 0x0000000080f00000|100%| O|  |TAMS 0x0000000080f00000| PB 0x0000000080f00000| Untracked 
|  15|0x0000000080f00000, 0x0000000081000000, 0x0000000081000000|100%| O|  |TAMS 0x0000000081000000| PB 0x0000000081000000| Untracked 
|  16|0x0000000081000000, 0x0000000081100000, 0x0000000081100000|100%| O|  |TAMS 0x0000000081100000| PB 0x0000000081100000| Untracked 
|  17|0x0000000081100000, 0x0000000081200000, 0x0000000081200000|100%| O|  |TAMS 0x0000000081200000| PB 0x0000000081200000| Untracked 
|  18|0x0000000081200000, 0x0000000081300000, 0x0000000081300000|100%| O|  |TAMS 0x0000000081300000| PB 0x0000000081300000| Untracked 
|  19|0x0000000081300000, 0x0000000081400000, 0x0000000081400000|100%| O|  |TAMS 0x0000000081400000| PB 0x0000000081400000| Untracked 
|  20|0x0000000081400000, 0x0000000081500000, 0x0000000081500000|100%| O|  |TAMS 0x0000000081500000| PB 0x0000000081500000| Untracked 
|  21|0x0000000081500000, 0x0000000081600000, 0x0000000081600000|100%| O|  |TAMS 0x0000000081600000| PB 0x0000000081600000| Untracked 
|  22|0x0000000081600000, 0x0000000081700000, 0x0000000081700000|100%|HS|  |TAMS 0x0000000081700000| PB 0x0000000081600000| Complete 
|  23|0x0000000081700000, 0x0000000081800000, 0x0000000081800000|100%|HC|  |TAMS 0x0000000081800000| PB 0x0000000081700000| Complete 
|  24|0x0000000081800000, 0x0000000081900000, 0x0000000081900000|100%|HC|  |TAMS 0x0000000081900000| PB 0x0000000081800000| Complete 
|  25|0x0000000081900000, 0x0000000081a00000, 0x0000000081a00000|100%|HC|  |TAMS 0x0000000081a00000| PB 0x0000000081900000| Complete 
|  26|0x0000000081a00000, 0x0000000081b00000, 0x0000000081b00000|100%|HC|  |TAMS 0x0000000081b00000| PB 0x0000000081a00000| Complete 
|  27|0x0000000081b00000, 0x0000000081c00000, 0x0000000081c00000|100%|HC|  |TAMS 0x0000000081c00000| PB 0x0000000081b00000| Complete 
|  28|0x0000000081c00000, 0x0000000081d00000, 0x0000000081d00000|100%|HS|  |TAMS 0x0000000081d00000| PB 0x0000000081c00000| Complete 
|  29|0x0000000081d00000, 0x0000000081e00000, 0x0000000081e00000|100%| O|  |TAMS 0x0000000081e00000| PB 0x0000000081e00000| Untracked 
|  30|0x0000000081e00000, 0x0000000081f00000, 0x0000000081f00000|100%|HS|  |TAMS 0x0000000081f00000| PB 0x0000000081e00000| Complete 
|  31|0x0000000081f00000, 0x0000000082000000, 0x0000000082000000|100%|HC|  |TAMS 0x0000000082000000| PB 0x0000000081f00000| Complete 
|  32|0x0000000082000000, 0x0000000082100000, 0x0000000082100000|100%|HC|  |TAMS 0x0000000082100000| PB 0x0000000082000000| Complete 
|  33|0x0000000082100000, 0x0000000082200000, 0x0000000082200000|100%|HC|  |TAMS 0x0000000082200000| PB 0x0000000082100000| Complete 
|  34|0x0000000082200000, 0x0000000082300000, 0x0000000082300000|100%| O|  |TAMS 0x0000000082300000| PB 0x0000000082300000| Untracked 
|  35|0x0000000082300000, 0x0000000082400000, 0x0000000082400000|100%| O|  |TAMS 0x0000000082400000| PB 0x0000000082400000| Untracked 
|  36|0x0000000082400000, 0x0000000082500000, 0x0000000082500000|100%| O|  |TAMS 0x0000000082500000| PB 0x0000000082500000| Untracked 
|  37|0x0000000082500000, 0x0000000082600000, 0x0000000082600000|100%| O|  |TAMS 0x0000000082600000| PB 0x0000000082600000| Untracked 
|  38|0x0000000082600000, 0x0000000082700000, 0x0000000082700000|100%|HS|  |TAMS 0x0000000082700000| PB 0x0000000082600000| Complete 
|  39|0x0000000082700000, 0x0000000082800000, 0x0000000082800000|100%|HC|  |TAMS 0x0000000082800000| PB 0x0000000082700000| Complete 
|  40|0x0000000082800000, 0x0000000082900000, 0x0000000082900000|100%| O|  |TAMS 0x0000000082900000| PB 0x0000000082900000| Untracked 
|  41|0x0000000082900000, 0x0000000082a00000, 0x0000000082a00000|100%| O|  |TAMS 0x0000000082a00000| PB 0x0000000082a00000| Updating 
|  42|0x0000000082a00000, 0x0000000082b00000, 0x0000000082b00000|100%| O|  |TAMS 0x0000000082b00000| PB 0x0000000082b00000| Untracked 
|  43|0x0000000082b00000, 0x0000000082c00000, 0x0000000082c00000|100%| O|  |TAMS 0x0000000082c00000| PB 0x0000000082c00000| Updating 
|  44|0x0000000082c00000, 0x0000000082d00000, 0x0000000082d00000|100%| O|  |TAMS 0x0000000082d00000| PB 0x0000000082d00000| Untracked 
|  45|0x0000000082d00000, 0x0000000082e00000, 0x0000000082e00000|100%| O|  |TAMS 0x0000000082e00000| PB 0x0000000082e00000| Untracked 
|  46|0x0000000082e00000, 0x0000000082f00000, 0x0000000082f00000|100%| O|  |TAMS 0x0000000082f00000| PB 0x0000000082f00000| Untracked 
|  47|0x0000000082f00000, 0x0000000083000000, 0x0000000083000000|100%| O|  |TAMS 0x0000000083000000| PB 0x0000000083000000| Untracked 
|  48|0x0000000083000000, 0x0000000083100000, 0x0000000083100000|100%| O|  |TAMS 0x0000000083100000| PB 0x0000000083100000| Untracked 
|  49|0x0000000083100000, 0x0000000083200000, 0x0000000083200000|100%| O|  |TAMS 0x0000000083200000| PB 0x0000000083200000| Updating 
|  50|0x0000000083200000, 0x0000000083300000, 0x0000000083300000|100%|HS|  |TAMS 0x0000000083300000| PB 0x0000000083200000| Complete 
|  51|0x0000000083300000, 0x0000000083400000, 0x0000000083400000|100%|HC|  |TAMS 0x0000000083400000| PB 0x0000000083300000| Complete 
|  52|0x0000000083400000, 0x0000000083400000, 0x0000000083500000|  0%| F|  |TAMS 0x0000000083400000| PB 0x0000000083400000| Untracked 
|  53|0x0000000083500000, 0x0000000083600000, 0x0000000083600000|100%|HS|  |TAMS 0x0000000083600000| PB 0x0000000083500000| Complete 
|  54|0x0000000083600000, 0x0000000083700000, 0x0000000083700000|100%|HC|  |TAMS 0x0000000083700000| PB 0x0000000083600000| Complete 
|  55|0x0000000083700000, 0x0000000083800000, 0x0000000083800000|100%|HC|  |TAMS 0x0000000083800000| PB 0x0000000083700000| Complete 
|  56|0x0000000083800000, 0x0000000083900000, 0x0000000083900000|100%|HC|  |TAMS 0x0000000083900000| PB 0x0000000083800000| Complete 
|  57|0x0000000083900000, 0x0000000083a00000, 0x0000000083a00000|100%|HC|  |TAMS 0x0000000083a00000| PB 0x0000000083900000| Complete 
|  58|0x0000000083a00000, 0x0000000083b00000, 0x0000000083b00000|100%|HC|  |TAMS 0x0000000083b00000| PB 0x0000000083a00000| Complete 
|  59|0x0000000083b00000, 0x0000000083c00000, 0x0000000083c00000|100%|HS|  |TAMS 0x0000000083c00000| PB 0x0000000083b00000| Complete 
|  60|0x0000000083c00000, 0x0000000083d00000, 0x0000000083d00000|100%|HC|  |TAMS 0x0000000083d00000| PB 0x0000000083c00000| Complete 
|  61|0x0000000083d00000, 0x0000000083e00000, 0x0000000083e00000|100%|HC|  |TAMS 0x0000000083e00000| PB 0x0000000083d00000| Complete 
|  62|0x0000000083e00000, 0x0000000083f00000, 0x0000000083f00000|100%|HC|  |TAMS 0x0000000083f00000| PB 0x0000000083e00000| Complete 
|  63|0x0000000083f00000, 0x0000000084000000, 0x0000000084000000|100%|HC|  |TAMS 0x0000000084000000| PB 0x0000000083f00000| Complete 
|  64|0x0000000084000000, 0x0000000084100000, 0x0000000084100000|100%|HC|  |TAMS 0x0000000084100000| PB 0x0000000084000000| Complete 
|  65|0x0000000084100000, 0x0000000084200000, 0x0000000084200000|100%|HS|  |TAMS 0x0000000084200000| PB 0x0000000084100000| Complete 
|  66|0x0000000084200000, 0x0000000084300000, 0x0000000084300000|100%| O|  |TAMS 0x0000000084300000| PB 0x0000000084300000| Untracked 
|  67|0x0000000084300000, 0x0000000084400000, 0x0000000084400000|100%| O|  |TAMS 0x0000000084400000| PB 0x0000000084400000| Untracked 
|  68|0x0000000084400000, 0x0000000084500000, 0x0000000084500000|100%| O|  |TAMS 0x0000000084500000| PB 0x0000000084500000| Untracked 
|  69|0x0000000084500000, 0x0000000084600000, 0x0000000084600000|100%| O|  |TAMS 0x0000000084600000| PB 0x0000000084600000| Updating 
|  70|0x0000000084600000, 0x0000000084700000, 0x0000000084700000|100%| O|  |TAMS 0x0000000084700000| PB 0x0000000084700000| Untracked 
|  71|0x0000000084700000, 0x0000000084800000, 0x0000000084800000|100%| O|  |TAMS 0x0000000084800000| PB 0x0000000084800000| Updating 
|  72|0x0000000084800000, 0x0000000084900000, 0x0000000084900000|100%| O|  |TAMS 0x0000000084900000| PB 0x0000000084900000| Untracked 
|  73|0x0000000084900000, 0x0000000084a00000, 0x0000000084a00000|100%| O|  |TAMS 0x0000000084a00000| PB 0x0000000084a00000| Untracked 
|  74|0x0000000084a00000, 0x0000000084b00000, 0x0000000084b00000|100%| O|  |TAMS 0x0000000084b00000| PB 0x0000000084b00000| Untracked 
|  75|0x0000000084b00000, 0x0000000084c00000, 0x0000000084c00000|100%| O|  |TAMS 0x0000000084c00000| PB 0x0000000084c00000| Updating 
|  76|0x0000000084c00000, 0x0000000084cd7280, 0x0000000084d00000| 84%| O|  |TAMS 0x0000000084cd7280| PB 0x0000000084cd7280| Updating 
|  77|0x0000000084d00000, 0x0000000084d00000, 0x0000000084e00000|  0%| F|  |TAMS 0x0000000084d00000| PB 0x0000000084d00000| Untracked 
|  78|0x0000000084e00000, 0x0000000084e00000, 0x0000000084f00000|  0%| F|  |TAMS 0x0000000084e00000| PB 0x0000000084e00000| Untracked 
|  79|0x0000000084f00000, 0x0000000084f00000, 0x0000000085000000|  0%| F|  |TAMS 0x0000000084f00000| PB 0x0000000084f00000| Untracked 
|  80|0x0000000085000000, 0x0000000085000000, 0x0000000085100000|  0%| F|  |TAMS 0x0000000085000000| PB 0x0000000085000000| Untracked 
|  81|0x0000000085100000, 0x0000000085120288, 0x0000000085200000| 12%| S|CS|TAMS 0x0000000085100000| PB 0x0000000085100000| Complete 
|  82|0x0000000085200000, 0x0000000085300000, 0x0000000085300000|100%| S|CS|TAMS 0x0000000085200000| PB 0x0000000085200000| Complete 
|  83|0x0000000085300000, 0x0000000085400000, 0x0000000085400000|100%| S|CS|TAMS 0x0000000085300000| PB 0x0000000085300000| Complete 
|  84|0x0000000085400000, 0x0000000085400000, 0x0000000085500000|  0%| F|  |TAMS 0x0000000085400000| PB 0x0000000085400000| Untracked 
|  85|0x0000000085500000, 0x0000000085500000, 0x0000000085600000|  0%| F|  |TAMS 0x0000000085500000| PB 0x0000000085500000| Untracked 
|  86|0x0000000085600000, 0x0000000085600000, 0x0000000085700000|  0%| F|  |TAMS 0x0000000085600000| PB 0x0000000085600000| Untracked 
|  87|0x0000000085700000, 0x0000000085800000, 0x0000000085800000|100%| S|CS|TAMS 0x0000000085700000| PB 0x0000000085700000| Complete 
|  88|0x0000000085800000, 0x0000000085900000, 0x0000000085900000|100%| S|CS|TAMS 0x0000000085800000| PB 0x0000000085800000| Complete 
|  89|0x0000000085900000, 0x0000000085900000, 0x0000000085a00000|  0%| F|  |TAMS 0x0000000085900000| PB 0x0000000085900000| Untracked 
|  90|0x0000000085a00000, 0x0000000085a00000, 0x0000000085b00000|  0%| F|  |TAMS 0x0000000085a00000| PB 0x0000000085a00000| Untracked 
|  91|0x0000000085b00000, 0x0000000085b00000, 0x0000000085c00000|  0%| F|  |TAMS 0x0000000085b00000| PB 0x0000000085b00000| Untracked 
|  92|0x0000000085c00000, 0x0000000085c00000, 0x0000000085d00000|  0%| F|  |TAMS 0x0000000085c00000| PB 0x0000000085c00000| Untracked 
|  93|0x0000000085d00000, 0x0000000085d00000, 0x0000000085e00000|  0%| F|  |TAMS 0x0000000085d00000| PB 0x0000000085d00000| Untracked 
|  94|0x0000000085e00000, 0x0000000085e00000, 0x0000000085f00000|  0%| F|  |TAMS 0x0000000085e00000| PB 0x0000000085e00000| Untracked 
|  95|0x0000000085f00000, 0x0000000085f00000, 0x0000000086000000|  0%| F|  |TAMS 0x0000000085f00000| PB 0x0000000085f00000| Untracked 
|  96|0x0000000086000000, 0x0000000086000000, 0x0000000086100000|  0%| F|  |TAMS 0x0000000086000000| PB 0x0000000086000000| Untracked 
|  97|0x0000000086100000, 0x0000000086100000, 0x0000000086200000|  0%| F|  |TAMS 0x0000000086100000| PB 0x0000000086100000| Untracked 
|  98|0x0000000086200000, 0x0000000086200000, 0x0000000086300000|  0%| F|  |TAMS 0x0000000086200000| PB 0x0000000086200000| Untracked 
|  99|0x0000000086300000, 0x0000000086300000, 0x0000000086400000|  0%| F|  |TAMS 0x0000000086300000| PB 0x0000000086300000| Untracked 
| 100|0x0000000086400000, 0x0000000086400000, 0x0000000086500000|  0%| F|  |TAMS 0x0000000086400000| PB 0x0000000086400000| Untracked 
| 101|0x0000000086500000, 0x0000000086500000, 0x0000000086600000|  0%| F|  |TAMS 0x0000000086500000| PB 0x0000000086500000| Untracked 
| 102|0x0000000086600000, 0x0000000086600000, 0x0000000086700000|  0%| F|  |TAMS 0x0000000086600000| PB 0x0000000086600000| Untracked 
| 103|0x0000000086700000, 0x0000000086700000, 0x0000000086800000|  0%| F|  |TAMS 0x0000000086700000| PB 0x0000000086700000| Untracked 
| 104|0x0000000086800000, 0x0000000086800000, 0x0000000086900000|  0%| F|  |TAMS 0x0000000086800000| PB 0x0000000086800000| Untracked 
| 105|0x0000000086900000, 0x0000000086900000, 0x0000000086a00000|  0%| F|  |TAMS 0x0000000086900000| PB 0x0000000086900000| Untracked 
| 106|0x0000000086a00000, 0x0000000086a00000, 0x0000000086b00000|  0%| F|  |TAMS 0x0000000086a00000| PB 0x0000000086a00000| Untracked 
| 107|0x0000000086b00000, 0x0000000086b00000, 0x0000000086c00000|  0%| F|  |TAMS 0x0000000086b00000| PB 0x0000000086b00000| Untracked 
| 108|0x0000000086c00000, 0x0000000086c00000, 0x0000000086d00000|  0%| F|  |TAMS 0x0000000086c00000| PB 0x0000000086c00000| Untracked 
| 109|0x0000000086d00000, 0x0000000086d00000, 0x0000000086e00000|  0%| F|  |TAMS 0x0000000086d00000| PB 0x0000000086d00000| Untracked 
| 110|0x0000000086e00000, 0x0000000086e00000, 0x0000000086f00000|  0%| F|  |TAMS 0x0000000086e00000| PB 0x0000000086e00000| Untracked 
| 111|0x0000000086f00000, 0x0000000086f00000, 0x0000000087000000|  0%| F|  |TAMS 0x0000000086f00000| PB 0x0000000086f00000| Untracked 
| 112|0x0000000087000000, 0x0000000087000000, 0x0000000087100000|  0%| F|  |TAMS 0x0000000087000000| PB 0x0000000087000000| Untracked 
| 113|0x0000000087100000, 0x0000000087100000, 0x0000000087200000|  0%| F|  |TAMS 0x0000000087100000| PB 0x0000000087100000| Untracked 
| 114|0x0000000087200000, 0x0000000087200000, 0x0000000087300000|  0%| F|  |TAMS 0x0000000087200000| PB 0x0000000087200000| Untracked 
| 115|0x0000000087300000, 0x0000000087300000, 0x0000000087400000|  0%| F|  |TAMS 0x0000000087300000| PB 0x0000000087300000| Untracked 
| 116|0x0000000087400000, 0x0000000087400000, 0x0000000087500000|  0%| F|  |TAMS 0x0000000087400000| PB 0x0000000087400000| Untracked 
| 117|0x0000000087500000, 0x0000000087500000, 0x0000000087600000|  0%| F|  |TAMS 0x0000000087500000| PB 0x0000000087500000| Untracked 
| 118|0x0000000087600000, 0x0000000087600000, 0x0000000087700000|  0%| F|  |TAMS 0x0000000087600000| PB 0x0000000087600000| Untracked 
| 119|0x0000000087700000, 0x0000000087700000, 0x0000000087800000|  0%| F|  |TAMS 0x0000000087700000| PB 0x0000000087700000| Untracked 
| 120|0x0000000087800000, 0x0000000087800000, 0x0000000087900000|  0%| F|  |TAMS 0x0000000087800000| PB 0x0000000087800000| Untracked 
| 121|0x0000000087900000, 0x0000000087900000, 0x0000000087a00000|  0%| F|  |TAMS 0x0000000087900000| PB 0x0000000087900000| Untracked 
| 122|0x0000000087a00000, 0x0000000087a00000, 0x0000000087b00000|  0%| F|  |TAMS 0x0000000087a00000| PB 0x0000000087a00000| Untracked 
| 123|0x0000000087b00000, 0x0000000087b00000, 0x0000000087c00000|  0%| F|  |TAMS 0x0000000087b00000| PB 0x0000000087b00000| Untracked 
| 124|0x0000000087c00000, 0x0000000087c00000, 0x0000000087d00000|  0%| F|  |TAMS 0x0000000087c00000| PB 0x0000000087c00000| Untracked 
| 125|0x0000000087d00000, 0x0000000087d00000, 0x0000000087e00000|  0%| F|  |TAMS 0x0000000087d00000| PB 0x0000000087d00000| Untracked 
| 126|0x0000000087e00000, 0x0000000087e00000, 0x0000000087f00000|  0%| F|  |TAMS 0x0000000087e00000| PB 0x0000000087e00000| Untracked 
| 127|0x0000000087f00000, 0x0000000087f00000, 0x0000000088000000|  0%| F|  |TAMS 0x0000000087f00000| PB 0x0000000087f00000| Untracked 
|2046|0x00000000ffe00000, 0x00000000ffe814c0, 0x00000000fff00000| 50%| E|  |TAMS 0x00000000ffe00000| PB 0x00000000ffe00000| Complete 
|2047|0x00000000fff00000, 0x0000000100000000, 0x0000000100000000|100%| O|  |TAMS 0x0000000100000000| PB 0x0000000100000000| Updating 

Card table byte_map: [0x0000019b45b10000,0x0000019b45f10000] _byte_map_base: 0x0000019b45710000

Marking Bits: (CMBitMap*) 0x0000019b33616a40
 Bits: [0x0000019b45f10000, 0x0000019b47f10000)

Polling page: 0x0000019b31230000

Metaspace:

Usage:
  Non-class:     78.48 MB used.
      Class:     12.51 MB used.
       Both:     91.00 MB used.

Virtual space:
  Non-class space:      128.00 MB reserved,      79.50 MB ( 62%) committed,  2 nodes.
      Class space:        1.00 GB reserved,      13.44 MB (  1%) committed,  1 nodes.
             Both:        1.12 GB reserved,      92.94 MB (  8%) committed. 

Chunk freelists:
   Non-Class:  368.00 KB
       Class:  2.55 MB
        Both:  2.91 MB

MaxMetaspaceSize: unlimited
CompressedClassSpaceSize: 1.00 GB
Initial GC threshold: 21.00 MB
Current GC threshold: 128.25 MB
CDS: off
 - commit_granule_bytes: 65536.
 - commit_granule_words: 8192.
 - virtual_space_node_default_size: 8388608.
 - enlarge_chunks_in_place: 1.
 - use_allocation_guard: 0.


Internal statistics:

num_allocs_failed_limit: 6.
num_arena_births: 3472.
num_arena_deaths: 0.
num_vsnodes_births: 3.
num_vsnodes_deaths: 0.
num_space_committed: 1487.
num_space_uncommitted: 0.
num_chunks_returned_to_freelist: 6.
num_chunks_taken_from_freelist: 7193.
num_chunk_merges: 6.
num_chunk_splits: 4860.
num_chunks_enlarged: 3207.
num_inconsistent_stats: 0.

CodeHeap 'non-profiled nmethods': size=120000Kb used=3806Kb max_used=4025Kb free=116193Kb
 bounds [0x0000019b3e1e0000, 0x0000019b3e5d0000, 0x0000019b45710000]
CodeHeap 'profiled nmethods': size=120000Kb used=13435Kb max_used=14192Kb free=106565Kb
 bounds [0x0000019b36710000, 0x0000019b374f0000, 0x0000019b3dc40000]
CodeHeap 'non-nmethods': size=5760Kb used=2815Kb max_used=2834Kb free=2944Kb
 bounds [0x0000019b3dc40000, 0x0000019b3df20000, 0x0000019b3e1e0000]
 total_blobs=7795 nmethods=6844 adapters=853
 compilation: enabled
              stopped_count=0, restarted_count=0
 full_count=0

Compilation events (20 events):
Event: 62.189 Thread 0x0000019b4a5d2960 8123       4       java.lang.Math::max (12 bytes)
Event: 62.189 Thread 0x0000019b4a5d2960 nmethod 8123 0x0000019b3e5ca090 code [0x0000019b3e5ca200, 0x0000019b3e5ca280]
Event: 62.429 Thread 0x0000019b4a5effd0 8128       3       java.lang.invoke.MethodType::appendParameterTypes (10 bytes)
Event: 62.429 Thread 0x0000019b4a5effd0 nmethod 8128 0x0000019b374e3990 code [0x0000019b374e3b40, 0x0000019b374e3cf0]
Event: 62.773 Thread 0x0000019b4a5effd0 8144       3       java.lang.reflect.ProxyGenerator::computeUniqueCatchList (163 bytes)
Event: 62.774 Thread 0x0000019b4a5effd0 nmethod 8144 0x0000019b374e3e10 code [0x0000019b374e4160, 0x0000019b374e5930]
Event: 62.792 Thread 0x0000019b4a5effd0 8145       3       java.lang.reflect.ProxyGenerator$ProxyMethod::codeFieldInitialization (159 bytes)
Event: 62.792 Thread 0x0000019b4a5effd0 nmethod 8145 0x0000019b374e6210 code [0x0000019b374e64c0, 0x0000019b374e6f78]
Event: 63.704 Thread 0x0000019b4a5effd0 8146       3       java.lang.reflect.ProxyGenerator::checkReturnTypes (288 bytes)
Event: 63.705 Thread 0x0000019b4a5effd0 nmethod 8146 0x0000019b374e7390 code [0x0000019b374e78a0, 0x0000019b374e9e68]
Event: 64.289 Thread 0x0000019b4a5d2960 8147       4       java.security.AccessController::checkContext (49 bytes)
Event: 64.290 Thread 0x0000019b4a5effd0 8148       3       java.util.HashMap$ValueSpliterator::forEachRemaining (186 bytes)
Event: 64.290 Thread 0x0000019b4a5d2960 nmethod 8147 0x0000019b3e5cdc90 code [0x0000019b3e5cde00, 0x0000019b3e5cde68]
Event: 64.290 Thread 0x0000019b4a5effd0 nmethod 8148 0x0000019b374eab10 code [0x0000019b374ead20, 0x0000019b374eb4e8]
Event: 64.319 Thread 0x0000019b4a5effd0 8149   !   3       java.security.AccessController::doPrivileged (22 bytes)
Event: 64.320 Thread 0x0000019b4a5effd0 nmethod 8149 0x0000019b374eb790 code [0x0000019b374eb980, 0x0000019b374ebe18]
Event: 64.625 Thread 0x0000019b4a5effd0 8150       1       org.jetbrains.kotlin.com.fasterxml.aalto.in.PName::getLocalName (5 bytes)
Event: 64.625 Thread 0x0000019b4a5effd0 nmethod 8150 0x0000019b3e5cdf90 code [0x0000019b3e5ce120, 0x0000019b3e5ce1e8]
Event: 64.879 Thread 0x0000019b4a5d2960 8151       4       java.util.HashMap::<init> (11 bytes)
Event: 64.880 Thread 0x0000019b4a5d2960 nmethod 8151 0x0000019b3e5ce290 code [0x0000019b3e5ce420, 0x0000019b3e5ce4b0]

GC Heap History (20 events):
Event: 31.029 GC heap before
{Heap before GC invocations=19 (full 0):
 garbage-first heap   total 89088K, used 63339K [0x0000000080000000, 0x0000000100000000)
  region size 1024K, 12 young (12288K), 3 survivors (3072K)
 Metaspace       used 57599K, committed 59200K, reserved 1114112K
  class space    used 7787K, committed 8576K, reserved 1048576K
}
Event: 31.033 GC heap after
{Heap after GC invocations=20 (full 0):
 garbage-first heap   total 89088K, used 57750K [0x0000000080000000, 0x0000000100000000)
  region size 1024K, 4 young (4096K), 4 survivors (4096K)
 Metaspace       used 57599K, committed 59200K, reserved 1114112K
  class space    used 7787K, committed 8576K, reserved 1048576K
}
Event: 35.533 GC heap before
{Heap before GC invocations=21 (full 0):
 garbage-first heap   total 109568K, used 91542K [0x0000000080000000, 0x0000000100000000)
  region size 1024K, 23 young (23552K), 4 survivors (4096K)
 Metaspace       used 59962K, committed 61632K, reserved 1114112K
  class space    used 8002K, committed 8832K, reserved 1048576K
}
Event: 35.538 GC heap after
{Heap after GC invocations=22 (full 0):
 garbage-first heap   total 109568K, used 73157K [0x0000000080000000, 0x0000000100000000)
  region size 1024K, 3 young (3072K), 3 survivors (3072K)
 Metaspace       used 59962K, committed 61632K, reserved 1114112K
  class space    used 8002K, committed 8832K, reserved 1048576K
}
Event: 35.625 GC heap before
{Heap before GC invocations=22 (full 0):
 garbage-first heap   total 109568K, used 97733K [0x0000000080000000, 0x0000000100000000)
  region size 1024K, 27 young (27648K), 3 survivors (3072K)
 Metaspace       used 60176K, committed 61824K, reserved 1114112K
  class space    used 8034K, committed 8832K, reserved 1048576K
}
Event: 35.629 GC heap after
{Heap after GC invocations=23 (full 0):
 garbage-first heap   total 109568K, used 73389K [0x0000000080000000, 0x0000000100000000)
  region size 1024K, 1 young (1024K), 1 survivors (1024K)
 Metaspace       used 60176K, committed 61824K, reserved 1114112K
  class space    used 8034K, committed 8832K, reserved 1048576K
}
Event: 40.983 GC heap before
{Heap before GC invocations=23 (full 0):
 garbage-first heap   total 109568K, used 98989K [0x0000000080000000, 0x0000000100000000)
  region size 1024K, 26 young (26624K), 1 survivors (1024K)
 Metaspace       used 62884K, committed 64576K, reserved 1114112K
  class space    used 8434K, committed 9280K, reserved 1048576K
}
Event: 40.985 GC heap after
{Heap after GC invocations=24 (full 0):
 garbage-first heap   total 109568K, used 74261K [0x0000000080000000, 0x0000000100000000)
  region size 1024K, 2 young (2048K), 2 survivors (2048K)
 Metaspace       used 62884K, committed 64576K, reserved 1114112K
  class space    used 8434K, committed 9280K, reserved 1048576K
}
Event: 42.318 GC heap before
{Heap before GC invocations=25 (full 0):
 garbage-first heap   total 126976K, used 98837K [0x0000000080000000, 0x0000000100000000)
  region size 1024K, 26 young (26624K), 2 survivors (2048K)
 Metaspace       used 66061K, committed 67776K, reserved 1114112K
  class space    used 8895K, committed 9728K, reserved 1048576K
}
Event: 42.322 GC heap after
{Heap after GC invocations=26 (full 0):
 garbage-first heap   total 126976K, used 75369K [0x0000000080000000, 0x0000000100000000)
  region size 1024K, 3 young (3072K), 3 survivors (3072K)
 Metaspace       used 66061K, committed 67776K, reserved 1114112K
  class space    used 8895K, committed 9728K, reserved 1048576K
}
Event: 44.742 GC heap before
{Heap before GC invocations=26 (full 0):
 garbage-first heap   total 126976K, used 111209K [0x0000000080000000, 0x0000000100000000)
  region size 1024K, 39 young (39936K), 3 survivors (3072K)
 Metaspace       used 73428K, committed 75200K, reserved 1114112K
  class space    used 9906K, committed 10752K, reserved 1048576K
}
Event: 44.747 GC heap after
{Heap after GC invocations=27 (full 0):
 garbage-first heap   total 126976K, used 76407K [0x0000000080000000, 0x0000000100000000)
  region size 1024K, 4 young (4096K), 4 survivors (4096K)
 Metaspace       used 73428K, committed 75200K, reserved 1114112K
  class space    used 9906K, committed 10752K, reserved 1048576K
}
Event: 49.987 GC heap before
{Heap before GC invocations=27 (full 0):
 garbage-first heap   total 126976K, used 113271K [0x0000000080000000, 0x0000000100000000)
  region size 1024K, 41 young (41984K), 4 survivors (4096K)
 Metaspace       used 76551K, committed 78400K, reserved 1179648K
  class space    used 10226K, committed 11136K, reserved 1048576K
}
Event: 49.994 GC heap after
{Heap after GC invocations=28 (full 0):
 garbage-first heap   total 126976K, used 79591K [0x0000000080000000, 0x0000000100000000)
  region size 1024K, 6 young (6144K), 6 survivors (6144K)
 Metaspace       used 76551K, committed 78400K, reserved 1179648K
  class space    used 10226K, committed 11136K, reserved 1048576K
}
Event: 50.616 GC heap before
{Heap before GC invocations=29 (full 0):
 garbage-first heap   total 133120K, used 113383K [0x0000000080000000, 0x0000000100000000)
  region size 1024K, 39 young (39936K), 6 survivors (6144K)
 Metaspace       used 80080K, committed 81920K, reserved 1179648K
  class space    used 10786K, committed 11712K, reserved 1048576K
}
Event: 50.622 GC heap after
{Heap after GC invocations=30 (full 0):
 garbage-first heap   total 133120K, used 80806K [0x0000000080000000, 0x0000000100000000)
  region size 1024K, 3 young (3072K), 3 survivors (3072K)
 Metaspace       used 80080K, committed 81920K, reserved 1179648K
  class space    used 10786K, committed 11712K, reserved 1048576K
}
Event: 58.381 GC heap before
{Heap before GC invocations=30 (full 0):
 garbage-first heap   total 133120K, used 120742K [0x0000000080000000, 0x0000000100000000)
  region size 1024K, 42 young (43008K), 3 survivors (3072K)
 Metaspace       used 86976K, committed 88896K, reserved 1179648K
  class space    used 12053K, committed 12992K, reserved 1048576K
}
Event: 58.386 GC heap after
{Heap after GC invocations=31 (full 0):
 garbage-first heap   total 133120K, used 81543K [0x0000000080000000, 0x0000000100000000)
  region size 1024K, 3 young (3072K), 3 survivors (3072K)
 Metaspace       used 86976K, committed 88896K, reserved 1179648K
  class space    used 12053K, committed 12992K, reserved 1048576K
}
Event: 64.981 GC heap before
{Heap before GC invocations=31 (full 0):
 garbage-first heap   total 133120K, used 122503K [0x0000000080000000, 0x0000000100000000)
  region size 1024K, 43 young (44032K), 3 survivors (3072K)
 Metaspace       used 93150K, committed 95040K, reserved 1179648K
  class space    used 12808K, committed 13696K, reserved 1048576K
}
Event: 64.986 GC heap after
{Heap after GC invocations=32 (full 0):
 garbage-first heap   total 133120K, used 82802K [0x0000000080000000, 0x0000000100000000)
  region size 1024K, 5 young (5120K), 5 survivors (5120K)
 Metaspace       used 93150K, committed 95040K, reserved 1179648K
  class space    used 12808K, committed 13696K, reserved 1048576K
}

Dll operation events (3 events):
Event: 0.010 Loaded shared library C:\Program Files\Android\Android Studio\jbr\bin\java.dll
Event: 0.018 Loaded shared library C:\Program Files\Android\Android Studio\jbr\bin\zip.dll
Event: 1.180 Loaded shared library C:\Program Files\Android\Android Studio\jbr\bin\verify.dll

Deoptimization events (20 events):
Event: 56.373 Thread 0x0000019b5097ce20 Uncommon trap: trap_request=0xffffffde fr.pc=0x0000019b3e34fb2c relative=0x000000000000026c
Event: 56.373 Thread 0x0000019b5097ce20 Uncommon trap: reason=class_check action=maybe_recompile pc=0x0000019b3e34fb2c method=java.util.stream.StreamOpFlag.fromCharacteristics(Ljava/util/Spliterator;)I @ 14 c2
Event: 56.373 Thread 0x0000019b5097ce20 DEOPT PACKING pc=0x0000019b3e34fb2c sp=0x0000009a2dbf5710
Event: 56.373 Thread 0x0000019b5097ce20 DEOPT UNPACKING pc=0x0000019b3dc946a2 sp=0x0000009a2dbf5660 mode 2
Event: 56.378 Thread 0x0000019b5097ce20 Uncommon trap: trap_request=0xffffffde fr.pc=0x0000019b3e31851c relative=0x000000000000007c
Event: 56.378 Thread 0x0000019b5097ce20 Uncommon trap: reason=class_check action=maybe_recompile pc=0x0000019b3e31851c method=java.util.stream.StreamOpFlag.fromCharacteristics(Ljava/util/Spliterator;)I @ 14 c2
Event: 56.378 Thread 0x0000019b5097ce20 DEOPT PACKING pc=0x0000019b3e31851c sp=0x0000009a2dbf56c0
Event: 56.378 Thread 0x0000019b5097ce20 DEOPT UNPACKING pc=0x0000019b3dc946a2 sp=0x0000009a2dbf5658 mode 2
Event: 57.956 Thread 0x0000019b5097ce20 Uncommon trap: trap_request=0xfffffff4 fr.pc=0x0000019b3e5c414c relative=0x00000000000001ac
Event: 57.956 Thread 0x0000019b5097ce20 Uncommon trap: reason=null_check action=make_not_entrant pc=0x0000019b3e5c414c method=java.lang.reflect.Array.newInstance(Ljava/lang/Class;I)Ljava/lang/Object; @ 2 c2
Event: 57.956 Thread 0x0000019b5097ce20 DEOPT PACKING pc=0x0000019b3e5c414c sp=0x0000009a2dbf3770
Event: 57.956 Thread 0x0000019b5097ce20 DEOPT UNPACKING pc=0x0000019b3dc946a2 sp=0x0000009a2dbf3708 mode 2
Event: 60.990 Thread 0x0000019b5097ce20 Uncommon trap: trap_request=0xffffff6e fr.pc=0x0000019b3e203f2c relative=0x000000000000018c
Event: 60.990 Thread 0x0000019b5097ce20 Uncommon trap: reason=loop_limit_check action=maybe_recompile pc=0x0000019b3e203f2c method=java.lang.StringLatin1.lastIndexOf([BII)I @ 19 c2
Event: 60.990 Thread 0x0000019b5097ce20 DEOPT PACKING pc=0x0000019b3e203f2c sp=0x0000009a2dbf2b60
Event: 60.990 Thread 0x0000019b5097ce20 DEOPT UNPACKING pc=0x0000019b3dc946a2 sp=0x0000009a2dbf2ae0 mode 2
Event: 64.659 Thread 0x0000019b5097ce20 Uncommon trap: trap_request=0xffffff45 fr.pc=0x0000019b3e4efd68 relative=0x00000000000006a8
Event: 64.659 Thread 0x0000019b5097ce20 Uncommon trap: reason=unstable_if action=reinterpret pc=0x0000019b3e4efd68 method=sun.invoke.util.VerifyAccess.isTypeVisible(Ljava/lang/Class;Ljava/lang/Class;)Z @ 77 c2
Event: 64.659 Thread 0x0000019b5097ce20 DEOPT PACKING pc=0x0000019b3e4efd68 sp=0x0000009a2dbf2a50
Event: 64.659 Thread 0x0000019b5097ce20 DEOPT UNPACKING pc=0x0000019b3dc946a2 sp=0x0000009a2dbf2890 mode 2

Classes loaded (20 events):
Event: 64.329 Loading class java/util/concurrent/RejectedExecutionException
Event: 64.329 Loading class java/util/concurrent/RejectedExecutionException done
Event: 64.333 Loading class java/util/concurrent/atomic/AtomicIntegerFieldUpdater
Event: 64.334 Loading class java/util/concurrent/atomic/AtomicIntegerFieldUpdater done
Event: 64.334 Loading class java/util/concurrent/atomic/AtomicIntegerFieldUpdater$AtomicIntegerFieldUpdaterImpl
Event: 64.334 Loading class java/util/concurrent/atomic/AtomicIntegerFieldUpdater$AtomicIntegerFieldUpdaterImpl done
Event: 64.334 Loading class java/util/concurrent/atomic/AtomicIntegerFieldUpdater$AtomicIntegerFieldUpdaterImpl$1
Event: 64.334 Loading class java/util/concurrent/atomic/AtomicIntegerFieldUpdater$AtomicIntegerFieldUpdaterImpl$1 done
Event: 64.370 Loading class javax/xml/stream/XMLStreamException
Event: 64.371 Loading class javax/xml/stream/XMLStreamException done
Event: 64.450 Loading class javax/xml/stream/Location
Event: 64.450 Loading class javax/xml/stream/Location done
Event: 64.468 Loading class javax/xml/namespace/NamespaceContext
Event: 64.468 Loading class javax/xml/namespace/NamespaceContext done
Event: 64.468 Loading class javax/xml/stream/XMLStreamConstants
Event: 64.468 Loading class javax/xml/stream/XMLStreamConstants done
Event: 64.531 Loading class java/io/CharConversionException
Event: 64.531 Loading class java/io/CharConversionException done
Event: 64.539 Loading class javax/xml/stream/XMLStreamReader
Event: 64.539 Loading class javax/xml/stream/XMLStreamReader done

Classes unloaded (0 events):
No events

Classes redefined (0 events):
No events

Internal exceptions (20 events):
Event: 50.537 Thread 0x0000019b5097ce20 Exception <a 'java/lang/NoSuchMethodError'{0x00000000862cb3d0}: 'long java.lang.invoke.DirectMethodHandle$Holder.invokeStatic(java.lang.Object, long)'> (0x00000000862cb3d0) 
thrown [s\src\hotspot\share\interpreter\linkResolver.cpp, line 784]
Event: 50.735 Thread 0x0000019b5097ce20 Exception <a 'java/lang/NoSuchMethodError'{0x0000000087e2e0a8}: 'java.lang.Object java.lang.invoke.DirectMethodHandle$Holder.invokeVirtual(java.lang.Object, java.lang.Object, java.lang.Object, java.lang.Object, java.lang.Object, java.lang.Object, java.lang.Object, java.lang.Object, java.lang.Object, java.lang.Object, java.lang.Object, java.lang.Object, java.lang.Object, java.lang.Object, java.lang.Object, java.lang.Object, java.lang.Object)'> (0x0000000087e2e0a8) 
thrown [s\src\hotspot\share\interpreter\li
Event: 50.735 Thread 0x0000019b5097ce20 Exception <a 'java/lang/NoSuchMethodError'{0x0000000087e343b0}: 'java.lang.Object java.lang.invoke.DirectMethodHandle$Holder.invokeSpecial(java.lang.Object, java.lang.Object, java.lang.Object, java.lang.Object, java.lang.Object, java.lang.Object, java.lang.Object, java.lang.Object, java.lang.Object, java.lang.Object, java.lang.Object, java.lang.Object, java.lang.Object, java.lang.Object, java.lang.Object, java.lang.Object, java.lang.Object, java.lang.Object)'> (0x0000000087e343b0) 
thrown [s\src\hotspot\sh
Event: 50.736 Thread 0x0000019b5097ce20 Exception <a 'java/lang/NoSuchMethodError'{0x0000000087e39c28}: 'java.lang.Object java.lang.invoke.DelegatingMethodHandle$Holder.reinvoke_L(java.lang.Object, java.lang.Object, java.lang.Object, java.lang.Object, java.lang.Object, java.lang.Object, java.lang.Object, java.lang.Object, java.lang.Object, java.lang.Object, java.lang.Object, java.lang.Object, java.lang.Object, java.lang.Object, java.lang.Object, java.lang.Object, java.lang.Object)'> (0x0000000087e39c28) 
thrown [s\src\hotspot\share\interpreter\l
Event: 55.235 Thread 0x0000019b5097ce20 Exception <a 'sun/nio/fs/WindowsException'{0x0000000086f59928}> (0x0000000086f59928) 
thrown [s\src\hotspot\share\prims\jni.cpp, line 535]
Event: 56.591 Thread 0x0000019b5097ce20 Exception <a 'java/lang/NoSuchMethodError'{0x0000000086a3fce0}: 'java.lang.Object java.lang.invoke.DirectMethodHandle$Holder.invokeStaticInit(java.lang.Object, int)'> (0x0000000086a3fce0) 
thrown [s\src\hotspot\share\interpreter\linkResolver.cpp, line 784]
Event: 57.956 Thread 0x0000019b5097ce20 Implicit null exception at 0x0000019b3e5c3fc4 to 0x0000019b3e5c4138
Event: 60.966 Thread 0x0000019b5097ce20 Exception <a 'sun/nio/fs/WindowsException'{0x00000000878749f0}> (0x00000000878749f0) 
thrown [s\src\hotspot\share\prims\jni.cpp, line 535]
Event: 60.966 Thread 0x0000019b5097ce20 Exception <a 'sun/nio/fs/WindowsException'{0x00000000878767e8}> (0x00000000878767e8) 
thrown [s\src\hotspot\share\prims\jni.cpp, line 535]
Event: 61.495 Thread 0x0000019b5097ce20 Exception <a 'sun/nio/fs/WindowsException'{0x00000000871153f8}> (0x00000000871153f8) 
thrown [s\src\hotspot\share\prims\jni.cpp, line 535]
Event: 62.035 Thread 0x0000019b5097ce20 Exception <a 'java/lang/NoSuchMethodError'{0x0000000086d05120}: 'long java.lang.invoke.DirectMethodHandle$Holder.invokeStatic(java.lang.Object)'> (0x0000000086d05120) 
thrown [s\src\hotspot\share\interpreter\linkResolver.cpp, line 784]
Event: 62.036 Thread 0x0000019b5097ce20 Exception <a 'java/lang/NoSuchMethodError'{0x0000000086d09d20}: 'long java.lang.invoke.DirectMethodHandle$Holder.invokeStaticInit(java.lang.Object)'> (0x0000000086d09d20) 
thrown [s\src\hotspot\share\interpreter\linkResolver.cpp, line 784]
Event: 62.339 Thread 0x0000019b5097ce20 Exception <a 'java/lang/NoSuchMethodError'{0x00000000869358a0}: 'void java.lang.invoke.DirectMethodHandle$Holder.invokeStaticInit(java.lang.Object)'> (0x00000000869358a0) 
thrown [s\src\hotspot\share\interpreter\linkResolver.cpp, line 784]
Event: 62.428 Thread 0x0000019b5097ce20 Exception <a 'java/lang/NoSuchMethodError'{0x00000000869be348}: 'void java.lang.invoke.DelegatingMethodHandle$Holder.reinvoke_L(java.lang.Object, java.lang.Object, java.lang.Object, long, java.lang.Object)'> (0x00000000869be348) 
thrown [s\src\hotspot\share\interpreter\linkResolver.cpp, line 784]
Event: 62.429 Thread 0x0000019b5097ce20 Exception <a 'java/lang/NoSuchMethodError'{0x00000000869c68a8}: 'java.lang.Object java.lang.invoke.DirectMethodHandle$Holder.invokeSpecial(java.lang.Object, java.lang.Object, java.lang.Object, java.lang.Object, long)'> (0x00000000869c68a8) 
thrown [s\src\hotspot\share\interpreter\linkResolver.cpp, line 784]
Event: 62.429 Thread 0x0000019b5097ce20 Exception <a 'java/lang/NoSuchMethodError'{0x00000000869d68f8}: 'int java.lang.invoke.DelegatingMethodHandle$Holder.reinvoke_L(java.lang.Object, java.lang.Object, java.lang.Object, long, java.lang.Object, java.lang.Object)'> (0x00000000869d68f8) 
thrown [s\src\hotspot\share\interpreter\linkResolver.cpp, line 784]
Event: 62.430 Thread 0x0000019b5097ce20 Exception <a 'java/lang/NoSuchMethodError'{0x00000000869e6258}: 'int java.lang.invoke.DelegatingMethodHandle$Holder.reinvoke_L(java.lang.Object, java.lang.Object, java.lang.Object, long, int, int)'> (0x00000000869e6258) 
thrown [s\src\hotspot\share\interpreter\linkResolver.cpp, line 784]
Event: 62.436 Thread 0x0000019b5097ce20 Exception <a 'java/lang/NoSuchMethodError'{0x00000000869f5968}: 'int java.lang.invoke.DelegatingMethodHandle$Holder.reinvoke_L(java.lang.Object, java.lang.Object, java.lang.Object, long, long, long)'> (0x00000000869f5968) 
thrown [s\src\hotspot\share\interpreter\linkResolver.cpp, line 784]
Event: 62.437 Thread 0x0000019b5097ce20 Exception <a 'java/lang/NoSuchMethodError'{0x0000000086804fa0}: 'int java.lang.invoke.DelegatingMethodHandle$Holder.reinvoke_L(java.lang.Object, java.lang.Object, java.lang.Object, long, int)'> (0x0000000086804fa0) 
thrown [s\src\hotspot\share\interpreter\linkResolver.cpp, line 784]
Event: 62.438 Thread 0x0000019b5097ce20 Exception <a 'java/lang/NoSuchMethodError'{0x000000008681b260}: 'void java.lang.invoke.DelegatingMethodHandle$Holder.reinvoke_L(java.lang.Object, java.lang.Object, java.lang.Object, long, java.lang.Object, long, long)'> (0x000000008681b260) 
thrown [s\src\hotspot\share\interpreter\linkResolver.cpp, line 784]

ZGC Phase Switch (0 events):
No events

VM Operations (20 events):
Event: 59.395 Executing VM operation: Cleanup done
Event: 60.150 Executing VM operation: HandshakeAllThreads (HandshakeForDeflation)
Event: 60.150 Executing VM operation: HandshakeAllThreads (HandshakeForDeflation) done
Event: 60.150 Executing VM operation: RendezvousGCThreads
Event: 60.150 Executing VM operation: RendezvousGCThreads done
Event: 61.159 Executing VM operation: Cleanup
Event: 61.159 Executing VM operation: Cleanup done
Event: 62.064 Executing VM operation: HandshakeAllThreads (Deoptimize)
Event: 62.064 Executing VM operation: HandshakeAllThreads (Deoptimize) done
Event: 63.064 Executing VM operation: Cleanup
Event: 63.064 Executing VM operation: Cleanup done
Event: 63.380 Executing VM operation: HandshakeAllThreads (Deoptimize)
Event: 63.380 Executing VM operation: HandshakeAllThreads (Deoptimize) done
Event: 63.382 Executing VM operation: HandshakeAllThreads (Deoptimize)
Event: 63.382 Executing VM operation: HandshakeAllThreads (Deoptimize) done
Event: 64.395 Executing VM operation: Cleanup
Event: 64.395 Executing VM operation: Cleanup done
Event: 64.981 Executing VM operation: G1CollectForAllocation (G1 Evacuation Pause)
Event: 64.986 Executing VM operation: G1CollectForAllocation (G1 Evacuation Pause) done
Event: 65.054 Executing VM operation: G1PauseRemark

Memory protections (0 events):
No events

Nmethod flushes (20 events):
Event: 65.057 Thread 0x0000019b4a3fac40 flushing  nmethod 0x0000019b36bab990
Event: 65.057 Thread 0x0000019b4a3fac40 flushing  nmethod 0x0000019b36d63690
Event: 65.057 Thread 0x0000019b4a3fac40 flushing  nmethod 0x0000019b36dcd810
Event: 65.057 Thread 0x0000019b4a3fac40 flushing  nmethod 0x0000019b36e6c090
Event: 65.057 Thread 0x0000019b4a3fac40 flushing  nmethod 0x0000019b36e6dc10
Event: 65.057 Thread 0x0000019b4a3fac40 flushing  nmethod 0x0000019b36e87e90
Event: 65.057 Thread 0x0000019b4a3fac40 flushing  nmethod 0x0000019b36e88810
Event: 65.057 Thread 0x0000019b4a3fac40 flushing  nmethod 0x0000019b36e8a110
Event: 65.057 Thread 0x0000019b4a3fac40 flushing  nmethod 0x0000019b36f9d290
Event: 65.057 Thread 0x0000019b4a3fac40 flushing  nmethod 0x0000019b37034a90
Event: 65.057 Thread 0x0000019b4a3fac40 flushing  nmethod 0x0000019b370b2290
Event: 65.057 Thread 0x0000019b4a3fac40 flushing  nmethod 0x0000019b372b6d10
Event: 65.057 Thread 0x0000019b4a3fac40 flushing  nmethod 0x0000019b372b9510
Event: 65.057 Thread 0x0000019b4a3fac40 flushing  nmethod 0x0000019b372b9890
Event: 65.057 Thread 0x0000019b4a3fac40 flushing  nmethod 0x0000019b372bad90
Event: 65.057 Thread 0x0000019b4a3fac40 flushing  nmethod 0x0000019b372bb210
Event: 65.057 Thread 0x0000019b4a3fac40 flushing  nmethod 0x0000019b372bc310
Event: 65.057 Thread 0x0000019b4a3fac40 flushing  nmethod 0x0000019b372e6e90
Event: 65.057 Thread 0x0000019b4a3fac40 flushing  nmethod 0x0000019b372ef390
Event: 65.057 Thread 0x0000019b4a3fac40 flushing  nmethod 0x0000019b37300590

Events (20 events):
Event: 28.525 Thread 0x0000019b51ea1000 Thread exited: 0x0000019b51ea1000
Event: 29.516 Thread 0x0000019b5097ce20 Thread added: 0x0000019b5240ff20
Event: 29.517 Thread 0x0000019b5097ce20 Thread added: 0x0000019b524105b0
Event: 29.517 Thread 0x0000019b5097ce20 Thread added: 0x0000019b52410c40
Event: 29.567 Thread 0x0000019b5097ce20 Thread added: 0x0000019b51f4a540
Event: 29.567 Thread 0x0000019b5097ce20 Thread added: 0x0000019b51f49eb0
Event: 29.568 Thread 0x0000019b5097ce20 Thread added: 0x0000019b51f4b260
Event: 29.856 Thread 0x0000019b4a5effd0 Thread added: 0x0000019b508ce600
Event: 30.031 Thread 0x0000019b508ce600 Thread exited: 0x0000019b508ce600
Event: 42.483 Thread 0x0000019b4a5effd0 Thread added: 0x0000019b4f152470
Event: 42.874 Thread 0x0000019b4f152470 Thread exited: 0x0000019b4f152470
Event: 43.014 Thread 0x0000019b4a5effd0 Thread added: 0x0000019b4f152470
Event: 43.340 Thread 0x0000019b4f152470 Thread exited: 0x0000019b4f152470
Event: 45.016 Thread 0x0000019b4a5effd0 Thread added: 0x0000019b514f56e0
Event: 45.645 Thread 0x0000019b514f56e0 Thread exited: 0x0000019b514f56e0
Event: 47.789 Thread 0x0000019b4a5d2960 Thread added: 0x0000019b5444c010
Event: 48.208 Thread 0x0000019b5444c010 Thread exited: 0x0000019b5444c010
Event: 49.026 Thread 0x0000019b4a5d2960 Thread added: 0x0000019b51dcbf30
Event: 49.898 Thread 0x0000019b51dcbf30 Thread exited: 0x0000019b51dcbf30
Event: 51.266 Thread 0x0000019b5097ce20 Thread added: 0x0000019b51f47de0


Dynamic libraries:
0x00007ff768240000 - 0x00007ff76824a000 	C:\Program Files\Android\Android Studio\jbr\bin\java.exe
0x00007ffecbbc0000 - 0x00007ffecbe29000 	C:\WINDOWS\SYSTEM32\ntdll.dll
0x00007ffeca890000 - 0x00007ffeca959000 	C:\WINDOWS\System32\KERNEL32.DLL
0x00007ffec9070000 - 0x00007ffec945d000 	C:\WINDOWS\System32\KERNELBASE.dll
0x00007ffec8f20000 - 0x00007ffec906b000 	C:\WINDOWS\System32\ucrtbase.dll
0x00007ffebd6c0000 - 0x00007ffebd6d8000 	C:\Program Files\Android\Android Studio\jbr\bin\jli.dll
0x00007ffecb5f0000 - 0x00007ffecb7bc000 	C:\WINDOWS\System32\USER32.dll
0x00007ffec95c0000 - 0x00007ffec95e7000 	C:\WINDOWS\System32\win32u.dll
0x00007ffec9a70000 - 0x00007ffec9a9b000 	C:\WINDOWS\System32\GDI32.dll
0x00007ffec95f0000 - 0x00007ffec9727000 	C:\WINDOWS\System32\gdi32full.dll
0x00007ffec9730000 - 0x00007ffec97d3000 	C:\WINDOWS\System32\msvcp_win.dll
0x00007ffe65230000 - 0x00007ffe6524b000 	C:\Program Files\Android\Android Studio\jbr\bin\VCRUNTIME140.dll
0x00007ffeb9720000 - 0x00007ffeb99ba000 	C:\WINDOWS\WinSxS\amd64_microsoft.windows.common-controls_6595b64144ccf1df_6.0.26100.5651_none_3e0bb264e3315894\COMCTL32.dll
0x00007ffeca2f0000 - 0x00007ffeca399000 	C:\WINDOWS\System32\msvcrt.dll
0x00007ffecb5b0000 - 0x00007ffecb5df000 	C:\WINDOWS\System32\IMM32.DLL
0x00007ffe8ba10000 - 0x00007ffe8ba1c000 	C:\Program Files\Android\Android Studio\jbr\bin\vcruntime140_1.dll
0x00007ffea50a0000 - 0x00007ffea512d000 	C:\Program Files\Android\Android Studio\jbr\bin\msvcp140.dll
0x00007ffe5c290000 - 0x00007ffe5cf1b000 	C:\Program Files\Android\Android Studio\jbr\bin\server\jvm.dll
0x00007ffecb2d0000 - 0x00007ffecb384000 	C:\WINDOWS\System32\ADVAPI32.dll
0x00007ffeca240000 - 0x00007ffeca2e6000 	C:\WINDOWS\System32\sechost.dll
0x00007ffeca500000 - 0x00007ffeca618000 	C:\WINDOWS\System32\RPCRT4.dll
0x00007ffeca3a0000 - 0x00007ffeca414000 	C:\WINDOWS\System32\WS2_32.dll
0x00007ffec8b60000 - 0x00007ffec8bbe000 	C:\WINDOWS\SYSTEM32\POWRPROF.dll
0x00007ffeba230000 - 0x00007ffeba265000 	C:\WINDOWS\SYSTEM32\WINMM.dll
0x00007ffec18a0000 - 0x00007ffec18ab000 	C:\WINDOWS\SYSTEM32\VERSION.dll
0x00007ffec8b40000 - 0x00007ffec8b54000 	C:\WINDOWS\SYSTEM32\UMPDC.dll
0x00007ffec7ac0000 - 0x00007ffec7adb000 	C:\WINDOWS\SYSTEM32\kernel.appcore.dll
0x00007ffe7b2d0000 - 0x00007ffe7b2da000 	C:\Program Files\Android\Android Studio\jbr\bin\jimage.dll
0x00007ffeb4c80000 - 0x00007ffeb4ec2000 	C:\WINDOWS\SYSTEM32\DBGHELP.DLL
0x00007ffecb7e0000 - 0x00007ffecbb66000 	C:\WINDOWS\System32\combase.dll
0x00007ffec9c10000 - 0x00007ffec9cf0000 	C:\WINDOWS\System32\OLEAUT32.dll
0x00007ffeb1ad0000 - 0x00007ffeb1b13000 	C:\WINDOWS\SYSTEM32\dbgcore.DLL
0x00007ffec9520000 - 0x00007ffec95b9000 	C:\WINDOWS\System32\bcryptPrimitives.dll
0x00007ffebd6b0000 - 0x00007ffebd6be000 	C:\Program Files\Android\Android Studio\jbr\bin\instrument.dll
0x00007ffe65210000 - 0x00007ffe65230000 	C:\Program Files\Android\Android Studio\jbr\bin\java.dll
0x00007ffe63ba0000 - 0x00007ffe63bb8000 	C:\Program Files\Android\Android Studio\jbr\bin\zip.dll
0x00007ffecaa80000 - 0x00007ffecb1cb000 	C:\WINDOWS\System32\SHELL32.dll
0x00007ffec8da0000 - 0x00007ffec8f14000 	C:\WINDOWS\System32\wintypes.dll
0x00007ffec6990000 - 0x00007ffec71ee000 	C:\WINDOWS\SYSTEM32\windows.storage.dll
0x00007ffec9960000 - 0x00007ffec9a55000 	C:\WINDOWS\System32\SHCORE.dll
0x00007ffeca620000 - 0x00007ffeca68a000 	C:\WINDOWS\System32\shlwapi.dll
0x00007ffec8c20000 - 0x00007ffec8c4f000 	C:\WINDOWS\SYSTEM32\profapi.dll
0x00007ffe65200000 - 0x00007ffe65210000 	C:\Program Files\Android\Android Studio\jbr\bin\net.dll
0x00007ffebca80000 - 0x00007ffebcb9e000 	C:\WINDOWS\SYSTEM32\WINHTTP.dll
0x00007ffec8040000 - 0x00007ffec80ac000 	C:\WINDOWS\system32\mswsock.dll
0x00007ffe62b50000 - 0x00007ffe62b66000 	C:\Program Files\Android\Android Studio\jbr\bin\nio.dll
0x00007ffe4c9e0000 - 0x00007ffe4c9f0000 	C:\Program Files\Android\Android Studio\jbr\bin\verify.dll
0x00007ffec3d20000 - 0x00007ffec3d47000 	C:\Users\DEEPAK SHARMA\.gradle\native\1def1411415f61bf3af743bc5b6707747c0891f09f0c88961ee8f79bc544acac\windows-amd64\native-platform.dll
0x00007ffeb6710000 - 0x00007ffeb6788000 	C:\Users\DEEPAK SHARMA\.gradle\native\0.2.7\x86_64-windows-gnu\gradle-fileevents.dll
0x00007ffe62820000 - 0x00007ffe62829000 	C:\Program Files\Android\Android Studio\jbr\bin\management.dll
0x00007ffe62810000 - 0x00007ffe6281b000 	C:\Program Files\Android\Android Studio\jbr\bin\management_ext.dll
0x00007ffec9a60000 - 0x00007ffec9a68000 	C:\WINDOWS\System32\PSAPI.DLL
0x00007ffec74f0000 - 0x00007ffec7524000 	C:\WINDOWS\SYSTEM32\IPHLPAPI.DLL
0x00007ffeca9f0000 - 0x00007ffeca9fa000 	C:\WINDOWS\System32\NSI.dll
0x00007ffe62830000 - 0x00007ffe62839000 	C:\Program Files\Android\Android Studio\jbr\bin\extnet.dll
0x00007ffec82f0000 - 0x00007ffec830b000 	C:\WINDOWS\SYSTEM32\CRYPTSP.dll
0x00007ffec7a20000 - 0x00007ffec7a5a000 	C:\WINDOWS\system32\rsaenh.dll
0x00007ffec80e0000 - 0x00007ffec810b000 	C:\WINDOWS\SYSTEM32\USERENV.dll
0x00007ffec8bf0000 - 0x00007ffec8c16000 	C:\WINDOWS\SYSTEM32\bcrypt.dll
0x00007ffec8310000 - 0x00007ffec831c000 	C:\WINDOWS\SYSTEM32\CRYPTBASE.dll
0x00007ffea8af0000 - 0x00007ffea8af8000 	C:\WINDOWS\system32\wshunix.dll

dbghelp: loaded successfully - version: 4.0.5 - missing functions: none
symbol engine: initialized successfully - sym options: 0x614 - pdb path: .;C:\Program Files\Android\Android Studio\jbr\bin;C:\WINDOWS\SYSTEM32;C:\WINDOWS\WinSxS\amd64_microsoft.windows.common-controls_6595b64144ccf1df_6.0.26100.5651_none_3e0bb264e3315894;C:\Program Files\Android\Android Studio\jbr\bin\server;C:\Users\DEEPAK SHARMA\.gradle\native\1def1411415f61bf3af743bc5b6707747c0891f09f0c88961ee8f79bc544acac\windows-amd64;C:\Users\DEEPAK SHARMA\.gradle\native\0.2.7\x86_64-windows-gnu

VM Arguments:
jvm_args: --add-opens=java.base/java.lang=ALL-UNNAMED --add-opens=java.base/java.lang.invoke=ALL-UNNAMED --add-opens=java.base/java.util=ALL-UNNAMED --add-opens=java.prefs/java.util.prefs=ALL-UNNAMED --add-exports=jdk.compiler/com.sun.tools.javac.api=ALL-UNNAMED --add-exports=jdk.compiler/com.sun.tools.javac.util=ALL-UNNAMED --add-opens=java.base/java.util=ALL-UNNAMED --add-opens=java.prefs/java.util.prefs=ALL-UNNAMED --add-opens=java.base/java.nio.charset=ALL-UNNAMED --add-opens=java.base/java.net=ALL-UNNAMED --add-opens=java.base/java.util.concurrent.atomic=ALL-UNNAMED --add-opens=java.xml/javax.xml.namespace=ALL-UNNAMED -Xmx2048m -Dfile.encoding=UTF-8 -Duser.country=US -Duser.language=en -Duser.variant -javaagent:C:\Users\DEEPAK SHARMA\.gradle\wrapper\dists\gradle-8.14.2-bin\2pb3mgt1p815evrl3weanttgr\gradle-8.14.2\lib\agents\gradle-instrumentation-agent-8.14.2.jar 
java_command: org.gradle.launcher.daemon.bootstrap.GradleDaemon 8.14.2
java_class_path (initial): C:\Users\DEEPAK SHARMA\.gradle\wrapper\dists\gradle-8.14.2-bin\2pb3mgt1p815evrl3weanttgr\gradle-8.14.2\lib\gradle-daemon-main-8.14.2.jar
Launcher Type: SUN_STANDARD

[Global flags]
     intx CICompilerCount                          = 3                                         {product} {ergonomic}
     uint ConcGCThreads                            = 1                                         {product} {ergonomic}
     uint G1ConcRefinementThreads                  = 4                                         {product} {ergonomic}
   size_t G1HeapRegionSize                         = 1048576                                   {product} {ergonomic}
    uintx GCDrainStackTargetSize                   = 64                                        {product} {ergonomic}
   size_t InitialHeapSize                          = 134217728                                 {product} {ergonomic}
   size_t MarkStackSize                            = 4194304                                   {product} {ergonomic}
   size_t MaxHeapSize                              = 2147483648                                {product} {command line}
   size_t MaxNewSize                               = 1287651328                                {product} {ergonomic}
   size_t MinHeapDeltaBytes                        = 1048576                                   {product} {ergonomic}
   size_t MinHeapSize                              = 8388608                                   {product} {ergonomic}
    uintx NonNMethodCodeHeapSize                   = 5832780                                {pd product} {ergonomic}
    uintx NonProfiledCodeHeapSize                  = 122912730                              {pd product} {ergonomic}
    uintx ProfiledCodeHeapSize                     = 122912730                              {pd product} {ergonomic}
    uintx ReservedCodeCacheSize                    = 251658240                              {pd product} {ergonomic}
     bool SegmentedCodeCache                       = true                                      {product} {ergonomic}
   size_t SoftMaxHeapSize                          = 2147483648                             {manageable} {ergonomic}
     bool UseCompressedOops                        = true                           {product lp64_product} {ergonomic}
     bool UseG1GC                                  = true                                      {product} {ergonomic}
     bool UseLargePagesIndividualAllocation        = false                                  {pd product} {ergonomic}

Logging:
Log output configuration:
 #0: stdout all=warning uptime,level,tags foldmultilines=false
 #1: stderr all=off uptime,level,tags foldmultilines=false

Environment Variables:
JAVA_HOME=C:\Program Files\Java\jdk-24
PATH=C:\Program Files (x86)\Intel\iCLS Client\;C:\Program Files\Intel\iCLS Client\;C:\Program Files\Common Files\Oracle\Java\javapath;C:\WINDOWS\system32;C:\WINDOWS;C:\WINDOWS\System32\Wbem;C:\WINDOWS\System32\WindowsPowerShell\v1.0\;C:\WINDOWS\System32\OpenSSH\;C:\ProgramData\chocolatey\bin;C:\php;C:\src\flutter\bin;C:\Users\DEEPAK SHARMA\AppData\Local\Pub\Cache\bin;C:\Program Files\Java\jdk-24\bin;C:\Users\DEEPAK SHARMA\AppData\Roaming\npm;C:\platform-tools_r34.0.3-windows\platform-tools;C:\Users\DEEPAK SHARMA\AppData\Local\Android\Sdk\platform-tools;C:\Users\DEEPAK SHARMA\AppData\Local\Android\Sdk\emulator;C:\Users\DEEPAK SHARMA\AppData\Local\Android\Sdk\cmake\3.22.1\bin;C:\Users\DEEPAK SHARMA\AppData\Local\Android\Sdk\ndk\25.2.9519653\prebuilt\windows-x86_64\;C:\Windows\Microsoft.NET\Framework\v4.0.30319;C:\Program Files (x86)\Intel\Intel(R) Management Engine Components\DAL;C:\Program Files\Intel\Intel(R) Management Engine Components\DAL;C:\Program Files (x86)\Intel\Intel(R) Management Engine Components\IPT;C:\Program Files\Intel\Intel(R) Management Engine Components\IPT;C:\xampp\php;C:\Users\DEEPAK SHARMA\AppData\Roaming\Python\Python311\Scripts;C:\src\flutter\install\bin;C:\src\install\bin;C:\src\monarch\bin\;C:\Users\DEEPAK SHARMA\AppData\Local\Android\Sdk\cmdline-tools\latest\bin;C:\Users\DEEPAK SHARMA\.config\herd\bin\nvm;C:\Program Files\nodejs;C:\WINDOWS\system32;C:\WINDOWS;C:\WINDOWS\System32\Wbem;C:\WINDOWS\System32\WindowsPowerShell\v1.0\;C:\WINDOWS\System32\OpenSSH\;C:\Users\DEEPAK SHARMA\.wasmer\bin;C:\Users\DEEPAK SHARMA\.wasmer\globals\wapm_packages\.bin;C:\Program Files\Git\cmd;C:\Users\DEEPAK SHARMA\.config\herd\bin;C:\Program Files\MySQL\MySQL Shell 8.0\bin\;C:\Users\DEEPAK SHARMA\AppData\Local\Microsoft\WindowsApps;C:\Program Files\JetBrains\WebStorm 2024.3\bin;;C:\Users\DEEPAK SHARMA\AppData\Local\Programs\Microsoft VS Code\bin;C:\Users\DEEPAK SHARMA\.wasmer\bin
USERNAME=DEEPAK SHARMA
OS=Windows_NT
PROCESSOR_IDENTIFIER=Intel64 Family 6 Model 158 Stepping 9, GenuineIntel
TMP=C:\Users\DEEPAK~1\AppData\Local\Temp
TEMP=C:\Users\DEEPAK~1\AppData\Local\Temp




Periodic native trim disabled

JNI global refs:
JNI global refs: 25, weak refs: 0

JNI global refs memory usage: 835, weak refs: 201

Process memory usage:
Resident Set Size: 356168K (4% of 8269412K total physical memory with 1291020K free physical memory)

OOME stack traces (most recent first):
Classloader memory used:
Loader org.gradle.internal.classloader.VisitableURLClassLoader                         : 49429K
Loader bootstrap                                                                       : 23737K
Loader org.gradle.initialization.MixInLegacyTypesClassLoader                           : 9500K
Loader jdk.internal.loader.ClassLoaders$AppClassLoader                                 : 7885K
Loader org.gradle.internal.classloader.VisitableURLClassLoader                         : 872K
Loader org.gradle.internal.classloader.VisitableURLClassLoader$InstrumentingVisitableURLClassLoader: 718K
Loader jdk.internal.loader.ClassLoaders$PlatformClassLoader                            : 695K
Loader jdk.internal.reflect.DelegatingClassLoader                                      : 203K
Loader org.gradle.groovy.scripts.internal.DefaultScriptCompilationHandler$ScriptClassLoader: 90672B
Loader org.codehaus.groovy.runtime.callsite.CallSiteClassLoader                        : 49592B

Classes loaded by more than one classloader:
Class org.gradle.api.GradleException                                                  : loaded 3 times (x 78B)
Class org.gradle.internal.classloader.FilteringClassLoader                            : loaded 2 times (x 101B)
Class org.gradle.internal.classloader.ClassLoaderHierarchy                            : loaded 2 times (x 66B)
Class org.gradle.api.internal.classpath.ManifestUtil                                  : loaded 2 times (x 67B)
Class org.jetbrains.plugins.gradle.model.GradleExtensions                             : loaded 2 times (x 66B)
Class org.jetbrains.plugins.gradle.model.AnnotationProcessingModel                    : loaded 2 times (x 66B)
Class org.gradle.internal.operations.MultipleBuildOperationFailures                   : loaded 2 times (x 91B)
Class org.jetbrains.kotlin.idea.gradleTooling.model.noarg.NoArgModel                  : loaded 2 times (x 66B)
Class org.gradle.internal.classloader.DefaultClassLoaderFactory                       : loaded 2 times (x 78B)
Class kotlin.collections.AbstractList$Companion                                       : loaded 2 times (x 67B)
Class org.gradle.internal.classloader.ClassLoaderVisitor                              : loaded 2 times (x 72B)
Class org.gradle.api.internal.classpath.EffectiveClassPath                            : loaded 2 times (x 86B)
Class org.gradle.tooling.internal.gradle.DefaultProjectIdentifier                     : loaded 2 times (x 82B)
Class org.jetbrains.kotlin.idea.gradleTooling.model.allopen.AllOpenModel              : loaded 2 times (x 66B)
Class org.gradle.api.internal.DefaultClassPathProvider                                : loaded 2 times (x 72B)
Class [Lorg.gradle.api.internal.ClassPathProvider;                                    : loaded 2 times (x 65B)
Class org.gradle.api.internal.ClassPathProvider                                       : loaded 2 times (x 66B)
Class org.gradle.internal.service.UnknownServiceException                             : loaded 2 times (x 79B)
Class org.jetbrains.kotlin.idea.gradleTooling.KotlinDslScriptAdditionalTask           : loaded 2 times (x 66B)
Class org.gradle.internal.classpath.TransformedClassPath                              : loaded 2 times (x 92B)
Class org.gradle.internal.classloader.InstrumentingClassLoader                        : loaded 2 times (x 66B)
Class kotlin.enums.EnumEntriesList                                                    : loaded 2 times (x 219B)
Class org.jetbrains.plugins.gradle.model.IntelliJSettings                             : loaded 2 times (x 66B)
Class org.jetbrains.kotlin.idea.gradleTooling.KotlinSourceSetContainer                : loaded 2 times (x 66B)
Class org.gradle.internal.service.ServiceLocator                                      : loaded 2 times (x 66B)
Class org.jetbrains.kotlin.android.synthetic.idea.AndroidExtensionsGradleModel        : loaded 2 times (x 66B)
Class org.gradle.tooling.model.UnsupportedMethodException                             : loaded 2 times (x 78B)
Class org.gradle.internal.InternalTransformer                                         : loaded 2 times (x 66B)
Class ijInit1_2arul4mjpd9n5r5trv5am6ynv                                               : loaded 2 times (x 175B)
Class org.gradle.internal.time.DefaultTimer                                           : loaded 2 times (x 76B)
Class org.gradle.internal.classloader.ClasspathUtil$1                                 : loaded 2 times (x 72B)
Class org.gradle.api.internal.classpath.DefaultModuleRegistry$DefaultModule           : loaded 2 times (x 82B)
Class org.jetbrains.kotlin.idea.gradleTooling.model.lombok.LombokModel                : loaded 2 times (x 66B)
Class org.gradle.internal.time.DefaultCountdownTimer                                  : loaded 2 times (x 84B)
Class org.gradle.tooling.internal.gradle.DefaultBuildIdentifier                       : loaded 2 times (x 75B)
Class kotlin.Function                                                                 : loaded 2 times (x 66B)
Class org.gradle.api.internal.classpath.Module                                        : loaded 2 times (x 66B)
Class org.gradle.api.internal.classpath.UnknownModuleException                        : loaded 2 times (x 78B)
Class com.intellij.openapi.externalSystem.model.project.dependencies.ProjectDependencies: loaded 2 times (x 66B)
Class sync_studio_tooling94_9gvabliumzzhalq6mmctecxsk                                 : loaded 2 times (x 175B)
Class org.gradle.tooling.internal.gradle.GradleProjectIdentity                        : loaded 2 times (x 66B)
Class org.gradle.api.internal.DefaultClassPathRegistry                                : loaded 2 times (x 72B)
Class org.gradle.api.internal.ClassPathRegistry                                       : loaded 2 times (x 66B)
Class org.gradle.internal.classpath.DefaultClassPath$ImmutableUniqueList              : loaded 2 times (x 195B)
Class Settings_gradle$1                                                               : loaded 2 times (x 70B)
Class Program                                                                         : loaded 2 times (x 68B)
Class org.gradle.internal.classpath.ClassPath                                         : loaded 2 times (x 66B)
Class org.gradle.api.UncheckedIOException                                             : loaded 2 times (x 78B)
Class org.jetbrains.kotlin.idea.gradleTooling.KotlinGradleModel                       : loaded 2 times (x 66B)
Class org.gradle.tooling.model.Model                                                  : loaded 2 times (x 66B)
Class kotlin.UninitializedPropertyAccessException                                     : loaded 2 times (x 78B)
Class org.jetbrains.plugins.gradle.model.IntelliJProjectSettings                      : loaded 2 times (x 66B)
Class org.jetbrains.kotlin.idea.gradleTooling.model.annotation.AnnotationBasedPluginModel: loaded 2 times (x 66B)
Class org.gradle.internal.installation.GradleInstallation$1                           : loaded 2 times (x 71B)
Class org.gradle.api.internal.classpath.ModuleRegistry                                : loaded 2 times (x 66B)
Class org.jetbrains.plugins.gradle.model.VersionCatalogsModel                         : loaded 2 times (x 66B)
Class org.gradle.api.internal.classpath.DefaultModuleRegistry                         : loaded 2 times (x 82B)
Class org.gradle.internal.time.MonotonicClock                                         : loaded 2 times (x 73B)
Class org.gradle.internal.service.ServiceLookupException                              : loaded 2 times (x 78B)
Class org.gradle.internal.classloader.ClassLoaderFactory                              : loaded 2 times (x 66B)
Class org.gradle.internal.service.CachingServiceLocator                               : loaded 2 times (x 78B)
Class org.jetbrains.plugins.gradle.model.RepositoryModels                             : loaded 2 times (x 66B)
Class org.gradle.internal.time.TimeSource                                             : loaded 2 times (x 66B)
Class org.gradle.tooling.internal.gradle.GradleBuildIdentity                          : loaded 2 times (x 66B)
Class kotlin.enums.EnumEntries                                                        : loaded 2 times (x 66B)
Class org.gradle.internal.exceptions.ResolutionProvider                               : loaded 2 times (x 66B)
Class org.gradle.tooling.model.ProjectIdentifier                                      : loaded 2 times (x 66B)
Class org.gradle.internal.classloader.ClasspathUtil                                   : loaded 2 times (x 67B)
Class org.gradle.internal.time.TimeSource$1                                           : loaded 2 times (x 73B)
Class kotlin.jvm.internal.DefaultConstructorMarker                                    : loaded 2 times (x 67B)
Class org.gradle.api.specs.Spec                                                       : loaded 2 times (x 66B)
Class org.gradle.internal.time.Clock                                                  : loaded 2 times (x 66B)
Class kotlin.collections.AbstractList                                                 : loaded 2 times (x 193B)
Class kotlin.collections.AbstractCollection                                           : loaded 2 times (x 113B)
Class org.gradle.internal.classloader.VisitableURLClassLoader$InstrumentingVisitableURLClassLoader: loaded 2 times (x 119B)
Class org.gradle.internal.classloader.VisitableURLClassLoader$Spec                    : loaded 2 times (x 70B)
Class org.gradle.internal.classpath.DefaultClassPath                                  : loaded 2 times (x 86B)
Class org.gradle.internal.classloader.ClassLoaderSpec                                 : loaded 2 times (x 67B)
Class Settings_gradle$1$1                                                             : loaded 2 times (x 70B)
Class kotlin.Unit                                                                     : loaded 2 times (x 67B)
Class org.gradle.internal.classloader.VisitableURLClassLoader                         : loaded 2 times (x 113B)
Class Settings_gradle                                                                 : loaded 2 times (x 124B)
Class org.gradle.internal.Cast                                                        : loaded 2 times (x 67B)
Class org.gradle.api.Action                                                           : loaded 2 times (x 66B)
Class kotlin.jvm.functions.Function1                                                  : loaded 2 times (x 66B)
Class org.gradle.internal.classpath.DefaultClassPath$ImmutableUniqueList$Builder      : loaded 2 times (x 71B)
Class org.jetbrains.kotlin.idea.gradleTooling.model.samWithReceiver.SamWithReceiverModel: loaded 2 times (x 66B)
Class kotlin.NotImplementedError                                                      : loaded 2 times (x 78B)
Class org.gradle.internal.exceptions.NonGradleCauseExceptionsHolder                   : loaded 2 times (x 66B)
Class org.jetbrains.plugins.gradle.tooling.ModelBuilderService$Parameter              : loaded 2 times (x 66B)
Class org.jetbrains.kotlin.idea.gradleTooling.model.assignment.AssignmentModel        : loaded 2 times (x 66B)
Class kotlin.enums.EnumEntriesKt                                                      : loaded 2 times (x 67B)
Class org.gradle.internal.IoActions                                                   : loaded 2 times (x 67B)
Class org.gradle.internal.classloader.SystemClassLoaderSpec                           : loaded 2 times (x 67B)
Class org.gradle.internal.exceptions.MultiCauseException                              : loaded 2 times (x 66B)
Class org.gradle.internal.time.CountdownTimer                                         : loaded 2 times (x 66B)
Class kotlin.jvm.internal.Intrinsics                                                  : loaded 2 times (x 67B)
Class org.jetbrains.kotlin.idea.gradleTooling.model.parcelize.ParcelizeGradleModel    : loaded 2 times (x 66B)
Class org.gradle.tooling.model.ProjectModel                                           : loaded 2 times (x 66B)
Class kotlin.KotlinNullPointerException                                               : loaded 2 times (x 79B)
Class org.jetbrains.plugins.gradle.model.tests.ExternalTestsModel                     : loaded 2 times (x 66B)
Class org.gradle.internal.exceptions.DefaultMultiCauseException                       : loaded 2 times (x 91B)
Class org.gradle.internal.time.Time                                                   : loaded 2 times (x 67B)
Class org.jetbrains.plugins.gradle.model.DependencyAccessorsModel                     : loaded 2 times (x 66B)
Class org.gradle.api.internal.classpath.GlobalCacheRootsProvider                      : loaded 2 times (x 66B)
Class org.jetbrains.kotlin.idea.gradleTooling.KotlinMPPGradleModel                    : loaded 2 times (x 66B)
Class org.gradle.tooling.model.BuildIdentifier                                        : loaded 2 times (x 66B)
Class org.jetbrains.kotlin.idea.gradleTooling.PrepareKotlinIdeImportTaskModel         : loaded 2 times (x 66B)
Class org.gradle.internal.time.Timer                                                  : loaded 2 times (x 66B)
Class kotlin.jvm.internal.markers.KMappedMarker                                       : loaded 2 times (x 66B)
Class org.gradle.internal.installation.CurrentGradleInstallationLocator               : loaded 2 times (x 67B)
Class org.gradle.internal.service.DefaultServiceLocator                               : loaded 2 times (x 79B)
Class org.gradle.util.GradleVersion                                                   : loaded 2 times (x 79B)
Class org.gradle.internal.installation.CurrentGradleInstallation                      : loaded 2 times (x 69B)
Class org.jetbrains.plugins.gradle.javaModel.JavaGradleManifestModel                  : loaded 2 times (x 66B)
Class org.gradle.util.internal.GUtil                                                  : loaded 2 times (x 67B)
Class org.gradle.internal.installation.GradleInstallation                             : loaded 2 times (x 71B)

---------------  S Y S T E M  ---------------

OS:
 Windows 11 , 64 bit Build 26100 (10.0.26100.5651)
OS uptime: 0 days 0:52 hours

CPU: total 4 (initial active 4) (4 cores per cpu, 1 threads per core) family 6 model 158 stepping 9 microcode 0xde, cx8, cmov, fxsr, mmx, 3dnowpref, sse, sse2, sse3, ssse3, sse4.1, sse4.2, popcnt, lzcnt, tsc, tscinvbit, avx, avx2, aes, erms, clmul, bmi1, bmi2, adx, fma, vzeroupper, clflush, clflushopt, rdtscp, f16c
Processor Information for the first 4 processors :
  Max Mhz: 2496, Current Mhz: 2496, Mhz Limit: 2496

Memory: 4k page, system-wide physical 8075M (1262M free)
TotalPageFile size 17676M (AvailPageFile size 24M)
current process WorkingSet (physical memory assigned to process): 348M, peak: 348M
current process commit charge ("private bytes"): 374M, peak: 381M

vm_info: OpenJDK 64-Bit Server VM (21.0.6+-13368085-b895.109) for windows-amd64 JRE (21.0.6+-13368085-b895.109), built on 2025-04-16T17:01:31Z by "builder" with MS VC++ 16.10 / 16.11 (VS2019)

END.
