#
# There is insufficient memory for the Java Runtime Environment to continue.
# Native memory allocation (malloc) failed to allocate 32744 bytes. Error detail: Chunk::new
# Possible reasons:
#   The system is out of physical RAM or swap space
#   This process is running with CompressedOops enabled, and the Java Heap may be blocking the growth of the native heap
# Possible solutions:
#   Reduce memory load on the system
#   Increase physical memory or swap space
#   Check if swap backing store is full
#   Decrease Java heap size (-Xmx/-Xms)
#   Decrease number of Java threads
#   Decrease Java thread stack sizes (-Xss)
#   Set larger code cache with -XX:ReservedCodeCacheSize=
#   JVM is running with Unscaled Compressed Oops mode in which the Java heap is
#     placed in the first 4GB address space. The Java Heap base address is the
#     maximum limit for the native heap growth. Please use -XX:HeapBaseMinAddress
#     to set the Java Heap base and to place the Java Heap above 4GB virtual address.
# This output file may be truncated or incomplete.
#
#  Out of Memory Error (arena.cpp:162), pid=16108, tid=10048
#
# JRE version: Java(TM) SE Runtime Environment (24.0.1+9) (build 24.0.1+9-30)
# Java VM: Java HotSpot(TM) 64-Bit Server VM (24.0.1+9-30, mixed mode, sharing, tiered, compressed oops, compressed class ptrs, g1 gc, windows-amd64)
# No core dump will be written. Minidumps are not enabled by default on client versions of Windows
#

---------------  S U M M A R Y ------------

Command Line: --add-opens=java.base/java.lang=ALL-UNNAMED --add-opens=java.base/java.lang.invoke=ALL-UNNAMED --add-opens=java.base/java.util=ALL-UNNAMED --add-opens=java.prefs/java.util.prefs=ALL-UNNAMED --add-exports=jdk.compiler/com.sun.tools.javac.api=ALL-UNNAMED --add-exports=jdk.compiler/com.sun.tools.javac.util=ALL-UNNAMED --add-opens=java.base/java.util=ALL-UNNAMED --add-opens=java.prefs/java.util.prefs=ALL-UNNAMED --add-opens=java.base/java.nio.charset=ALL-UNNAMED --add-opens=java.base/java.net=ALL-UNNAMED --add-opens=java.base/java.util.concurrent.atomic=ALL-UNNAMED --add-opens=java.xml/javax.xml.namespace=ALL-UNNAMED --enable-native-access=ALL-UNNAMED -Xmx2048m -Dfile.encoding=UTF-8 -Duser.country=US -Duser.language=en -Duser.variant -javaagent:C:\Users\DEEPAK SHARMA\.gradle\wrapper\dists\gradle-8.14.2-bin\2pb3mgt1p815evrl3weanttgr\gradle-8.14.2\lib\agents\gradle-instrumentation-agent-8.14.2.jar org.gradle.launcher.daemon.bootstrap.GradleDaemon 8.14.2

Host: Intel(R) Core(TM) i5-7300HQ CPU @ 2.50GHz, 4 cores, 7G,  Windows 11 , 64 bit Build 26100 (10.0.26100.5651)
Time: Mon Jun 23 22:24:20 2025 India Standard Time elapsed time: 3.183790 seconds (0d 0h 0m 3s)

---------------  T H R E A D  ---------------

Current thread (0x000001fac65ee290):  JavaThread "C2 CompilerThread1" daemon [_thread_in_native, id=10048, stack(0x000000bfb1b00000,0x000000bfb1c00000) (1024K)]


Current CompileTask:
C2:3183 3043       4       java.lang.invoke.MethodType::makeImpl (155 bytes)

Stack: [0x000000bfb1b00000,0x000000bfb1c00000]
Native frames: (J=compiled Java code, j=interpreted, Vv=VM code, C=native code)
V  [jvm.dll+0x730739]  (no source info available)
V  [jvm.dll+0x8d9b23]  (no source info available)
V  [jvm.dll+0x8dc00d]  (no source info available)
V  [jvm.dll+0x8dc683]  (no source info available)
V  [jvm.dll+0x2aa086]  (no source info available)
V  [jvm.dll+0xcedef]  (no source info available)
V  [jvm.dll+0xcf04f]  (no source info available)
V  [jvm.dll+0x3f8e75]  (no source info available)
V  [jvm.dll+0x62e4c4]  (no source info available)
V  [jvm.dll+0x3c012f]  (no source info available)
V  [jvm.dll+0x3bf58a]  (no source info available)
V  [jvm.dll+0x26f777]  (no source info available)
V  [jvm.dll+0x26ea3f]  (no source info available)
V  [jvm.dll+0x1e9d60]  (no source info available)
V  [jvm.dll+0x27e1fb]  (no source info available)
V  [jvm.dll+0x27c49a]  (no source info available)
V  [jvm.dll+0x42f456]  (no source info available)
V  [jvm.dll+0x87d76b]  (no source info available)
V  [jvm.dll+0x72ee55]  (no source info available)
C  [ucrtbase.dll+0x37b0]  (no source info available)
C  [KERNEL32.DLL+0x2e8d7]  (no source info available)
C  [ntdll.dll+0x128dc]  (no source info available)

Lock stack of current Java thread (top to bottom):


---------------  P R O C E S S  ---------------

Threads class SMR info:
_java_thread_list=0x000001fac730a000, length=25, elements={
0x000001fad69e37d0, 0x000001faf51306d0, 0x000001faf5131d70, 0x000001faf51371b0,
0x000001faf5138500, 0x000001faf513a1c0, 0x000001faf513bd90, 0x000001faf5148790,
0x000001faf514de90, 0x000001fac51f3ab0, 0x000001fac5259850, 0x000001fac65ee290,
0x000001fac6c13740, 0x000001fac6cd6ca0, 0x000001fac69f3930, 0x000001fac6a00a50,
0x000001fac6a01560, 0x000001fac6f84d60, 0x000001fac6f83ec0, 0x000001fac6f854b0,
0x000001fac6f82180, 0x000001fac6f828d0, 0x000001fac6f83770, 0x000001fac6f84610,
0x000001fac74ad080
}

Java Threads: ( => current thread )
  0x000001fad69e37d0 JavaThread "main"                              [_thread_blocked, id=16796, stack(0x000000bfb0900000,0x000000bfb0a00000) (1024K)]
  0x000001faf51306d0 JavaThread "Reference Handler"          daemon [_thread_blocked, id=17036, stack(0x000000bfb1100000,0x000000bfb1200000) (1024K)]
  0x000001faf5131d70 JavaThread "Finalizer"                  daemon [_thread_blocked, id=16444, stack(0x000000bfb1200000,0x000000bfb1300000) (1024K)]
  0x000001faf51371b0 JavaThread "Signal Dispatcher"          daemon [_thread_blocked, id=5800, stack(0x000000bfb1300000,0x000000bfb1400000) (1024K)]
  0x000001faf5138500 JavaThread "Attach Listener"            daemon [_thread_blocked, id=16536, stack(0x000000bfb1400000,0x000000bfb1500000) (1024K)]
  0x000001faf513a1c0 JavaThread "Service Thread"             daemon [_thread_blocked, id=10852, stack(0x000000bfb1500000,0x000000bfb1600000) (1024K)]
  0x000001faf513bd90 JavaThread "Monitor Deflation Thread"   daemon [_thread_blocked, id=15440, stack(0x000000bfb1600000,0x000000bfb1700000) (1024K)]
  0x000001faf5148790 JavaThread "C2 CompilerThread0"         daemon [_thread_in_native, id=2832, stack(0x000000bfb1700000,0x000000bfb1800000) (1024K)]
  0x000001faf514de90 JavaThread "C1 CompilerThread0"         daemon [_thread_blocked, id=6880, stack(0x000000bfb1800000,0x000000bfb1900000) (1024K)]
  0x000001fac51f3ab0 JavaThread "Common-Cleaner"             daemon [_thread_blocked, id=3544, stack(0x000000bfb1900000,0x000000bfb1a00000) (1024K)]
  0x000001fac5259850 JavaThread "Notification Thread"        daemon [_thread_blocked, id=8732, stack(0x000000bfb1a00000,0x000000bfb1b00000) (1024K)]
=>0x000001fac65ee290 JavaThread "C2 CompilerThread1"         daemon [_thread_in_native, id=10048, stack(0x000000bfb1b00000,0x000000bfb1c00000) (1024K)]
  0x000001fac6c13740 JavaThread "Daemon health stats"               [_thread_blocked, id=1380, stack(0x000000bfb1e00000,0x000000bfb1f00000) (1024K)]
  0x000001fac6cd6ca0 JavaThread "Incoming local TCP Connector on port 59625"        [_thread_in_native, id=11092, stack(0x000000bfb1f00000,0x000000bfb2000000) (1024K)]
  0x000001fac69f3930 JavaThread "Daemon periodic checks"            [_thread_blocked, id=16948, stack(0x000000bfb2000000,0x000000bfb2100000) (1024K)]
  0x000001fac6a00a50 JavaThread "Daemon"                            [_thread_blocked, id=4344, stack(0x000000bfb2100000,0x000000bfb2200000) (1024K)]
  0x000001fac6a01560 JavaThread "Handler for socket connection from /127.0.0.1:59625 to /127.0.0.1:59626"        [_thread_in_native, id=16664, stack(0x000000bfb2200000,0x000000bfb2300000) (1024K)]
  0x000001fac6f84d60 JavaThread "Cancel handler"                    [_thread_blocked, id=14128, stack(0x000000bfb2300000,0x000000bfb2400000) (1024K)]
  0x000001fac6f83ec0 JavaThread "Daemon worker"                     [_thread_in_vm, id=15044, stack(0x000000bfb2400000,0x000000bfb2500000) (1024K)]
  0x000001fac6f854b0 JavaThread "Asynchronous log dispatcher for DefaultDaemonConnection: socket connection from /127.0.0.1:59625 to /127.0.0.1:59626"        [_thread_blocked, id=7928, stack(0x000000bfb2500000,0x000000bfb2600000) (1024K)]
  0x000001fac6f82180 JavaThread "Stdin handler"                     [_thread_blocked, id=1040, stack(0x000000bfb2600000,0x000000bfb2700000) (1024K)]
  0x000001fac6f828d0 JavaThread "Daemon client event forwarder"        [_thread_blocked, id=17136, stack(0x000000bfb2700000,0x000000bfb2800000) (1024K)]
  0x000001fac6f83770 JavaThread "Cache worker for journal cache (C:\Users\DEEPAK SHARMA\.gradle\caches\journal-1)"        [_thread_blocked, id=14700, stack(0x000000bfb2900000,0x000000bfb2a00000) (1024K)]
  0x000001fac6f84610 JavaThread "File lock request listener"        [_thread_in_native, id=16552, stack(0x000000bfb2a00000,0x000000bfb2b00000) (1024K)]
  0x000001fac74ad080 JavaThread "Cache worker for file hash cache (C:\Users\DEEPAK SHARMA\.gradle\caches\8.14.2\fileHashes)"        [_thread_blocked, id=16176, stack(0x000000bfb2b00000,0x000000bfb2c00000) (1024K)]
Total: 25

Other Threads:
  0x000001faf511f360 VMThread "VM Thread"                           [id=13804, stack(0x000000bfb1000000,0x000000bfb1100000) (1024K)]
  0x000001faf510e470 WatcherThread "VM Periodic Task Thread"        [id=11652, stack(0x000000bfb0f00000,0x000000bfb1000000) (1024K)]
  0x000001fad6a3c2f0 WorkerThread "GC Thread#0"                     [id=16372, stack(0x000000bfb0a00000,0x000000bfb0b00000) (1024K)]
  0x000001fac5aa0b60 WorkerThread "GC Thread#1"                     [id=3316, stack(0x000000bfb1c00000,0x000000bfb1d00000) (1024K)]
  0x000001fac5aa0f10 WorkerThread "GC Thread#2"                     [id=7456, stack(0x000000bfb1d00000,0x000000bfb1e00000) (1024K)]
  0x000001fac706fd80 WorkerThread "GC Thread#3"                     [id=4328, stack(0x000000bfb2800000,0x000000bfb2900000) (1024K)]
  0x000001fad6a51fd0 ConcurrentGCThread "G1 Main Marker"            [id=5040, stack(0x000000bfb0b00000,0x000000bfb0c00000) (1024K)]
  0x000001fad6a53190 WorkerThread "G1 Conc#0"                       [id=15888, stack(0x000000bfb0c00000,0x000000bfb0d00000) (1024K)]
  0x000001fad6a9dd00 ConcurrentGCThread "G1 Refine#0"               [id=6216, stack(0x000000bfb0d00000,0x000000bfb0e00000) (1024K)]
  0x000001fad6a9e630 ConcurrentGCThread "G1 Service"                [id=15904, stack(0x000000bfb0e00000,0x000000bfb0f00000) (1024K)]
Total: 10

Threads with active compile tasks:
C2 CompilerThread0  3250 2938   !   4       java.lang.ClassLoader::loadClass (121 bytes)
C2 CompilerThread1  3250 3043       4       java.lang.invoke.MethodType::makeImpl (155 bytes)
Total: 2

VM state: not at safepoint (normal execution)

VM Mutex/Monitor currently owned by a thread: None

Heap address: 0x0000000080000000, size: 2048 MB, Compressed Oops mode: 32-bit

CDS archive(s) mapped at: [0x000001fa80000000-0x000001fa80d40000-0x000001fa80d40000), size 13893632, SharedBaseAddress: 0x000001fa80000000, ArchiveRelocationMode: 1.
Compressed class space mapped at: 0x000001fa81000000-0x000001fac1000000, reserved size: 1073741824
UseCompressedClassPointers 1, UseCompactObjectHeaders 0
Narrow klass pointer bits 32, Max shift 3
Narrow klass base: 0x000001fa80000000, Narrow klass shift: 0
Encoding Range: [0x000001fa80000000 - 0x000001fb80000000), (4294967296 bytes)
Klass Range:    [0x000001fa80000000 - 0x000001fac1000000), (1090519040 bytes)
Klass ID Range:  [8 - 1090519033) (1090519025)

GC Precious Log:
 CardTable entry size: 512
 Card Set container configuration: InlinePtr #cards 5 size 8 Array Of Cards #cards 10 size 36 Howl #buckets 4 coarsen threshold 1843 Howl Bitmap #cards 512 size 80 coarsen threshold 460 Card regions per heap region 1 cards per card region 2048
 CPUs: 4 total, 4 available
 Memory: 8075M
 Large Page Support: Disabled
 NUMA Support: Disabled
 Compressed Oops: Enabled (32-bit)
 Heap Region Size: 1M
 Heap Min Capacity: 8M
 Heap Initial Capacity: 128M
 Heap Max Capacity: 2G
 Pre-touch: Disabled
 Parallel Workers: 4
 Concurrent Workers: 1
 Concurrent Refinement Workers: 4
 Periodic GC: Disabled

Heap:
 garbage-first heap   total reserved 2097152K, committed 133120K, used 62069K [0x0000000080000000, 0x0000000100000000)
  region size 1024K, 49 young (50176K), 8 survivors (8192K)
 Metaspace       used 17952K, committed 18496K, reserved 1114112K
  class space    used 1923K, committed 2176K, reserved 1048576K

Heap Regions: E=young(eden), S=young(survivor), O=old, HS=humongous(starts), HC=humongous(continues), CS=collection set, F=free, TAMS=top-at-mark-start, PB=parsable bottom
|   0|0x0000000080000000, 0x0000000080100000, 0x0000000080100000|100%| O|  |TAMS 0x0000000080000000| PB 0x0000000080000000| Untracked |  0
|   1|0x0000000080100000, 0x0000000080200000, 0x0000000080200000|100%|HS|  |TAMS 0x0000000080100000| PB 0x0000000080100000| Complete |  0
|   2|0x0000000080200000, 0x0000000080300000, 0x0000000080300000|100%|HC|  |TAMS 0x0000000080200000| PB 0x0000000080200000| Complete |  0
|   3|0x0000000080300000, 0x0000000080400000, 0x0000000080400000|100%|HC|  |TAMS 0x0000000080300000| PB 0x0000000080300000| Complete |  0
|   4|0x0000000080400000, 0x0000000080500000, 0x0000000080500000|100%|HS|  |TAMS 0x0000000080400000| PB 0x0000000080400000| Complete |  0
|   5|0x0000000080500000, 0x0000000080500000, 0x0000000080600000|  0%| F|  |TAMS 0x0000000080500000| PB 0x0000000080500000| Untracked |  0
|   6|0x0000000080600000, 0x0000000080700000, 0x0000000080700000|100%| O|  |TAMS 0x0000000080600000| PB 0x0000000080600000| Untracked |  0
|   7|0x0000000080700000, 0x0000000080800000, 0x0000000080800000|100%| O|  |TAMS 0x0000000080700000| PB 0x0000000080700000| Untracked |  0
|   8|0x0000000080800000, 0x0000000080900000, 0x0000000080900000|100%| O|  |TAMS 0x0000000080800000| PB 0x0000000080800000| Untracked |  0
|   9|0x0000000080900000, 0x0000000080a00000, 0x0000000080a00000|100%| O|  |TAMS 0x0000000080900000| PB 0x0000000080900000| Untracked |  0
|  10|0x0000000080a00000, 0x0000000080b00000, 0x0000000080b00000|100%| O|  |TAMS 0x0000000080a00000| PB 0x0000000080a00000| Untracked |  0
|  11|0x0000000080b00000, 0x0000000080c00000, 0x0000000080c00000|100%| O|  |TAMS 0x0000000080b00000| PB 0x0000000080b00000| Untracked |  0
|  12|0x0000000080c00000, 0x0000000080c802c0, 0x0000000080d00000| 50%| O|  |TAMS 0x0000000080c00000| PB 0x0000000080c00000| Untracked |  0
|  13|0x0000000080d00000, 0x0000000080d00000, 0x0000000080e00000|  0%| F|  |TAMS 0x0000000080d00000| PB 0x0000000080d00000| Untracked |  0
|  14|0x0000000080e00000, 0x0000000080e00000, 0x0000000080f00000|  0%| F|  |TAMS 0x0000000080e00000| PB 0x0000000080e00000| Untracked |  0
|  15|0x0000000080f00000, 0x0000000080f00000, 0x0000000081000000|  0%| F|  |TAMS 0x0000000080f00000| PB 0x0000000080f00000| Untracked |  0
|  16|0x0000000081000000, 0x0000000081000000, 0x0000000081100000|  0%| F|  |TAMS 0x0000000081000000| PB 0x0000000081000000| Untracked |  0
|  17|0x0000000081100000, 0x0000000081100000, 0x0000000081200000|  0%| F|  |TAMS 0x0000000081100000| PB 0x0000000081100000| Untracked |  0
|  18|0x0000000081200000, 0x0000000081200000, 0x0000000081300000|  0%| F|  |TAMS 0x0000000081200000| PB 0x0000000081200000| Untracked |  0
|  19|0x0000000081300000, 0x0000000081300000, 0x0000000081400000|  0%| F|  |TAMS 0x0000000081300000| PB 0x0000000081300000| Untracked |  0
|  20|0x0000000081400000, 0x0000000081400000, 0x0000000081500000|  0%| F|  |TAMS 0x0000000081400000| PB 0x0000000081400000| Untracked |  0
|  21|0x0000000081500000, 0x0000000081500000, 0x0000000081600000|  0%| F|  |TAMS 0x0000000081500000| PB 0x0000000081500000| Untracked |  0
|  22|0x0000000081600000, 0x0000000081600000, 0x0000000081700000|  0%| F|  |TAMS 0x0000000081600000| PB 0x0000000081600000| Untracked |  0
|  23|0x0000000081700000, 0x0000000081700000, 0x0000000081800000|  0%| F|  |TAMS 0x0000000081700000| PB 0x0000000081700000| Untracked |  0
|  24|0x0000000081800000, 0x0000000081800000, 0x0000000081900000|  0%| F|  |TAMS 0x0000000081800000| PB 0x0000000081800000| Untracked |  0
|  25|0x0000000081900000, 0x0000000081900000, 0x0000000081a00000|  0%| F|  |TAMS 0x0000000081900000| PB 0x0000000081900000| Untracked |  0
|  26|0x0000000081a00000, 0x0000000081a00000, 0x0000000081b00000|  0%| F|  |TAMS 0x0000000081a00000| PB 0x0000000081a00000| Untracked |  0
|  27|0x0000000081b00000, 0x0000000081b00000, 0x0000000081c00000|  0%| F|  |TAMS 0x0000000081b00000| PB 0x0000000081b00000| Untracked |  0
|  28|0x0000000081c00000, 0x0000000081c00000, 0x0000000081d00000|  0%| F|  |TAMS 0x0000000081c00000| PB 0x0000000081c00000| Untracked |  0
|  29|0x0000000081d00000, 0x0000000081d00000, 0x0000000081e00000|  0%| F|  |TAMS 0x0000000081d00000| PB 0x0000000081d00000| Untracked |  0
|  30|0x0000000081e00000, 0x0000000081e00000, 0x0000000081f00000|  0%| F|  |TAMS 0x0000000081e00000| PB 0x0000000081e00000| Untracked |  0
|  31|0x0000000081f00000, 0x0000000081f00000, 0x0000000082000000|  0%| F|  |TAMS 0x0000000081f00000| PB 0x0000000081f00000| Untracked |  0
|  32|0x0000000082000000, 0x0000000082000000, 0x0000000082100000|  0%| F|  |TAMS 0x0000000082000000| PB 0x0000000082000000| Untracked |  0
|  33|0x0000000082100000, 0x0000000082100000, 0x0000000082200000|  0%| F|  |TAMS 0x0000000082100000| PB 0x0000000082100000| Untracked |  0
|  34|0x0000000082200000, 0x0000000082200000, 0x0000000082300000|  0%| F|  |TAMS 0x0000000082200000| PB 0x0000000082200000| Untracked |  0
|  35|0x0000000082300000, 0x0000000082300000, 0x0000000082400000|  0%| F|  |TAMS 0x0000000082300000| PB 0x0000000082300000| Untracked |  0
|  36|0x0000000082400000, 0x0000000082400000, 0x0000000082500000|  0%| F|  |TAMS 0x0000000082400000| PB 0x0000000082400000| Untracked |  0
|  37|0x0000000082500000, 0x0000000082500000, 0x0000000082600000|  0%| F|  |TAMS 0x0000000082500000| PB 0x0000000082500000| Untracked |  0
|  38|0x0000000082600000, 0x0000000082600000, 0x0000000082700000|  0%| F|  |TAMS 0x0000000082600000| PB 0x0000000082600000| Untracked |  0
|  39|0x0000000082700000, 0x0000000082700000, 0x0000000082800000|  0%| F|  |TAMS 0x0000000082700000| PB 0x0000000082700000| Untracked |  0
|  40|0x0000000082800000, 0x0000000082800000, 0x0000000082900000|  0%| F|  |TAMS 0x0000000082800000| PB 0x0000000082800000| Untracked |  0
|  41|0x0000000082900000, 0x0000000082900000, 0x0000000082a00000|  0%| F|  |TAMS 0x0000000082900000| PB 0x0000000082900000| Untracked |  0
|  42|0x0000000082a00000, 0x0000000082a00000, 0x0000000082b00000|  0%| F|  |TAMS 0x0000000082a00000| PB 0x0000000082a00000| Untracked |  0
|  43|0x0000000082b00000, 0x0000000082b00000, 0x0000000082c00000|  0%| F|  |TAMS 0x0000000082b00000| PB 0x0000000082b00000| Untracked |  0
|  44|0x0000000082c00000, 0x0000000082c00000, 0x0000000082d00000|  0%| F|  |TAMS 0x0000000082c00000| PB 0x0000000082c00000| Untracked |  0
|  45|0x0000000082d00000, 0x0000000082d00000, 0x0000000082e00000|  0%| F|  |TAMS 0x0000000082d00000| PB 0x0000000082d00000| Untracked |  0
|  46|0x0000000082e00000, 0x0000000082e00000, 0x0000000082f00000|  0%| F|  |TAMS 0x0000000082e00000| PB 0x0000000082e00000| Untracked |  0
|  47|0x0000000082f00000, 0x0000000082f00000, 0x0000000083000000|  0%| F|  |TAMS 0x0000000082f00000| PB 0x0000000082f00000| Untracked |  0
|  48|0x0000000083000000, 0x0000000083000000, 0x0000000083100000|  0%| F|  |TAMS 0x0000000083000000| PB 0x0000000083000000| Untracked |  0
|  49|0x0000000083100000, 0x0000000083100000, 0x0000000083200000|  0%| F|  |TAMS 0x0000000083100000| PB 0x0000000083100000| Untracked |  0
|  50|0x0000000083200000, 0x0000000083200000, 0x0000000083300000|  0%| F|  |TAMS 0x0000000083200000| PB 0x0000000083200000| Untracked |  0
|  51|0x0000000083300000, 0x0000000083300000, 0x0000000083400000|  0%| F|  |TAMS 0x0000000083300000| PB 0x0000000083300000| Untracked |  0
|  52|0x0000000083400000, 0x0000000083400000, 0x0000000083500000|  0%| F|  |TAMS 0x0000000083400000| PB 0x0000000083400000| Untracked |  0
|  53|0x0000000083500000, 0x0000000083500000, 0x0000000083600000|  0%| F|  |TAMS 0x0000000083500000| PB 0x0000000083500000| Untracked |  0
|  54|0x0000000083600000, 0x0000000083600000, 0x0000000083700000|  0%| F|  |TAMS 0x0000000083600000| PB 0x0000000083600000| Untracked |  0
|  55|0x0000000083700000, 0x0000000083700000, 0x0000000083800000|  0%| F|  |TAMS 0x0000000083700000| PB 0x0000000083700000| Untracked |  0
|  56|0x0000000083800000, 0x0000000083900000, 0x0000000083900000|100%| S|CS|TAMS 0x0000000083800000| PB 0x0000000083800000| Complete |  0
|  57|0x0000000083900000, 0x0000000083a00000, 0x0000000083a00000|100%| S|CS|TAMS 0x0000000083900000| PB 0x0000000083900000| Complete |  0
|  58|0x0000000083a00000, 0x0000000083b00000, 0x0000000083b00000|100%| S|CS|TAMS 0x0000000083a00000| PB 0x0000000083a00000| Complete |  0
|  59|0x0000000083b00000, 0x0000000083c00000, 0x0000000083c00000|100%| S|CS|TAMS 0x0000000083b00000| PB 0x0000000083b00000| Complete |  0
|  60|0x0000000083c00000, 0x0000000083d00000, 0x0000000083d00000|100%| S|CS|TAMS 0x0000000083c00000| PB 0x0000000083c00000| Complete |  0
|  61|0x0000000083d00000, 0x0000000083e00000, 0x0000000083e00000|100%| S|CS|TAMS 0x0000000083d00000| PB 0x0000000083d00000| Complete |  0
|  62|0x0000000083e00000, 0x0000000083f00000, 0x0000000083f00000|100%| S|CS|TAMS 0x0000000083e00000| PB 0x0000000083e00000| Complete |  0
|  63|0x0000000083f00000, 0x0000000083f00000, 0x0000000084000000|  0%| F|  |TAMS 0x0000000083f00000| PB 0x0000000083f00000| Untracked |  0
|  64|0x0000000084000000, 0x0000000084000000, 0x0000000084100000|  0%| F|  |TAMS 0x0000000084000000| PB 0x0000000084000000| Untracked |  0
|  65|0x0000000084100000, 0x0000000084100000, 0x0000000084200000|  0%| F|  |TAMS 0x0000000084100000| PB 0x0000000084100000| Untracked |  0
|  66|0x0000000084200000, 0x0000000084200000, 0x0000000084300000|  0%| F|  |TAMS 0x0000000084200000| PB 0x0000000084200000| Untracked |  0
|  67|0x0000000084300000, 0x0000000084300000, 0x0000000084400000|  0%| F|  |TAMS 0x0000000084300000| PB 0x0000000084300000| Untracked |  0
|  68|0x0000000084400000, 0x0000000084400000, 0x0000000084500000|  0%| F|  |TAMS 0x0000000084400000| PB 0x0000000084400000| Untracked |  0
|  69|0x0000000084500000, 0x0000000084500000, 0x0000000084600000|  0%| F|  |TAMS 0x0000000084500000| PB 0x0000000084500000| Untracked |  0
|  70|0x0000000084600000, 0x0000000084600000, 0x0000000084700000|  0%| F|  |TAMS 0x0000000084600000| PB 0x0000000084600000| Untracked |  0
|  71|0x0000000084700000, 0x0000000084800000, 0x0000000084800000|100%| S|CS|TAMS 0x0000000084700000| PB 0x0000000084700000| Complete |  0
|  72|0x0000000084800000, 0x0000000084800000, 0x0000000084900000|  0%| F|  |TAMS 0x0000000084800000| PB 0x0000000084800000| Untracked |  0
|  73|0x0000000084900000, 0x0000000084900000, 0x0000000084a00000|  0%| F|  |TAMS 0x0000000084900000| PB 0x0000000084900000| Untracked |  0
|  74|0x0000000084a00000, 0x0000000084a00000, 0x0000000084b00000|  0%| F|  |TAMS 0x0000000084a00000| PB 0x0000000084a00000| Untracked |  0
|  75|0x0000000084b00000, 0x0000000084b00000, 0x0000000084c00000|  0%| F|  |TAMS 0x0000000084b00000| PB 0x0000000084b00000| Untracked |  0
|  76|0x0000000084c00000, 0x0000000084c00000, 0x0000000084d00000|  0%| F|  |TAMS 0x0000000084c00000| PB 0x0000000084c00000| Untracked |  0
|  77|0x0000000084d00000, 0x0000000084d00000, 0x0000000084e00000|  0%| F|  |TAMS 0x0000000084d00000| PB 0x0000000084d00000| Untracked |  0
|  78|0x0000000084e00000, 0x0000000084e00000, 0x0000000084f00000|  0%| F|  |TAMS 0x0000000084e00000| PB 0x0000000084e00000| Untracked |  0
|  79|0x0000000084f00000, 0x0000000084f00000, 0x0000000085000000|  0%| F|  |TAMS 0x0000000084f00000| PB 0x0000000084f00000| Untracked |  0
|  80|0x0000000085000000, 0x0000000085000000, 0x0000000085100000|  0%| F|  |TAMS 0x0000000085000000| PB 0x0000000085000000| Untracked |  0
|  81|0x0000000085100000, 0x0000000085100000, 0x0000000085200000|  0%| F|  |TAMS 0x0000000085100000| PB 0x0000000085100000| Untracked |  0
|  82|0x0000000085200000, 0x0000000085200000, 0x0000000085300000|  0%| F|  |TAMS 0x0000000085200000| PB 0x0000000085200000| Untracked |  0
|  83|0x0000000085300000, 0x0000000085300000, 0x0000000085400000|  0%| F|  |TAMS 0x0000000085300000| PB 0x0000000085300000| Untracked |  0
|  84|0x0000000085400000, 0x0000000085400000, 0x0000000085500000|  0%| F|  |TAMS 0x0000000085400000| PB 0x0000000085400000| Untracked |  0
|  85|0x0000000085500000, 0x0000000085500000, 0x0000000085600000|  0%| F|  |TAMS 0x0000000085500000| PB 0x0000000085500000| Untracked |  0
|  86|0x0000000085600000, 0x0000000085600000, 0x0000000085700000|  0%| F|  |TAMS 0x0000000085600000| PB 0x0000000085600000| Untracked |  0
|  87|0x0000000085700000, 0x00000000857b0598, 0x0000000085800000| 68%| E|  |TAMS 0x0000000085700000| PB 0x0000000085700000| Complete |  0
|  88|0x0000000085800000, 0x0000000085900000, 0x0000000085900000|100%| E|CS|TAMS 0x0000000085800000| PB 0x0000000085800000| Complete |  0
|  89|0x0000000085900000, 0x0000000085a00000, 0x0000000085a00000|100%| E|CS|TAMS 0x0000000085900000| PB 0x0000000085900000| Complete |  0
|  90|0x0000000085a00000, 0x0000000085b00000, 0x0000000085b00000|100%| E|CS|TAMS 0x0000000085a00000| PB 0x0000000085a00000| Complete |  0
|  91|0x0000000085b00000, 0x0000000085c00000, 0x0000000085c00000|100%| E|CS|TAMS 0x0000000085b00000| PB 0x0000000085b00000| Complete |  0
|  92|0x0000000085c00000, 0x0000000085d00000, 0x0000000085d00000|100%| E|CS|TAMS 0x0000000085c00000| PB 0x0000000085c00000| Complete |  0
|  93|0x0000000085d00000, 0x0000000085e00000, 0x0000000085e00000|100%| E|CS|TAMS 0x0000000085d00000| PB 0x0000000085d00000| Complete |  0
|  94|0x0000000085e00000, 0x0000000085f00000, 0x0000000085f00000|100%| E|CS|TAMS 0x0000000085e00000| PB 0x0000000085e00000| Complete |  0
|  95|0x0000000085f00000, 0x0000000086000000, 0x0000000086000000|100%| E|CS|TAMS 0x0000000085f00000| PB 0x0000000085f00000| Complete |  0
|  96|0x0000000086000000, 0x0000000086100000, 0x0000000086100000|100%| E|CS|TAMS 0x0000000086000000| PB 0x0000000086000000| Complete |  0
|  97|0x0000000086100000, 0x0000000086200000, 0x0000000086200000|100%| E|CS|TAMS 0x0000000086100000| PB 0x0000000086100000| Complete |  0
|  98|0x0000000086200000, 0x0000000086300000, 0x0000000086300000|100%| E|CS|TAMS 0x0000000086200000| PB 0x0000000086200000| Complete |  0
|  99|0x0000000086300000, 0x0000000086400000, 0x0000000086400000|100%| E|CS|TAMS 0x0000000086300000| PB 0x0000000086300000| Complete |  0
| 100|0x0000000086400000, 0x0000000086500000, 0x0000000086500000|100%| E|CS|TAMS 0x0000000086400000| PB 0x0000000086400000| Complete |  0
| 101|0x0000000086500000, 0x0000000086600000, 0x0000000086600000|100%| E|CS|TAMS 0x0000000086500000| PB 0x0000000086500000| Complete |  0
| 102|0x0000000086600000, 0x0000000086700000, 0x0000000086700000|100%| E|CS|TAMS 0x0000000086600000| PB 0x0000000086600000| Complete |  0
| 103|0x0000000086700000, 0x0000000086800000, 0x0000000086800000|100%| E|CS|TAMS 0x0000000086700000| PB 0x0000000086700000| Complete |  0
| 104|0x0000000086800000, 0x0000000086900000, 0x0000000086900000|100%| E|CS|TAMS 0x0000000086800000| PB 0x0000000086800000| Complete |  0
| 105|0x0000000086900000, 0x0000000086a00000, 0x0000000086a00000|100%| E|CS|TAMS 0x0000000086900000| PB 0x0000000086900000| Complete |  0
| 106|0x0000000086a00000, 0x0000000086b00000, 0x0000000086b00000|100%| E|CS|TAMS 0x0000000086a00000| PB 0x0000000086a00000| Complete |  0
| 107|0x0000000086b00000, 0x0000000086c00000, 0x0000000086c00000|100%| E|CS|TAMS 0x0000000086b00000| PB 0x0000000086b00000| Complete |  0
| 108|0x0000000086c00000, 0x0000000086d00000, 0x0000000086d00000|100%| E|CS|TAMS 0x0000000086c00000| PB 0x0000000086c00000| Complete |  0
| 109|0x0000000086d00000, 0x0000000086e00000, 0x0000000086e00000|100%| E|CS|TAMS 0x0000000086d00000| PB 0x0000000086d00000| Complete |  0
| 110|0x0000000086e00000, 0x0000000086f00000, 0x0000000086f00000|100%| E|CS|TAMS 0x0000000086e00000| PB 0x0000000086e00000| Complete |  0
| 111|0x0000000086f00000, 0x0000000087000000, 0x0000000087000000|100%| E|CS|TAMS 0x0000000086f00000| PB 0x0000000086f00000| Complete |  0
| 112|0x0000000087000000, 0x0000000087100000, 0x0000000087100000|100%| E|CS|TAMS 0x0000000087000000| PB 0x0000000087000000| Complete |  0
| 113|0x0000000087100000, 0x0000000087200000, 0x0000000087200000|100%| E|CS|TAMS 0x0000000087100000| PB 0x0000000087100000| Complete |  0
| 114|0x0000000087200000, 0x0000000087300000, 0x0000000087300000|100%| E|CS|TAMS 0x0000000087200000| PB 0x0000000087200000| Complete |  0
| 115|0x0000000087300000, 0x0000000087400000, 0x0000000087400000|100%| E|CS|TAMS 0x0000000087300000| PB 0x0000000087300000| Complete |  0
| 116|0x0000000087400000, 0x0000000087500000, 0x0000000087500000|100%| E|CS|TAMS 0x0000000087400000| PB 0x0000000087400000| Complete |  0
| 117|0x0000000087500000, 0x0000000087600000, 0x0000000087600000|100%| E|CS|TAMS 0x0000000087500000| PB 0x0000000087500000| Complete |  0
| 118|0x0000000087600000, 0x0000000087700000, 0x0000000087700000|100%| E|CS|TAMS 0x0000000087600000| PB 0x0000000087600000| Complete |  0
| 119|0x0000000087700000, 0x0000000087800000, 0x0000000087800000|100%| E|CS|TAMS 0x0000000087700000| PB 0x0000000087700000| Complete |  0
| 120|0x0000000087800000, 0x0000000087900000, 0x0000000087900000|100%| E|CS|TAMS 0x0000000087800000| PB 0x0000000087800000| Complete |  0
| 121|0x0000000087900000, 0x0000000087a00000, 0x0000000087a00000|100%| E|CS|TAMS 0x0000000087900000| PB 0x0000000087900000| Complete |  0
| 122|0x0000000087a00000, 0x0000000087b00000, 0x0000000087b00000|100%| E|CS|TAMS 0x0000000087a00000| PB 0x0000000087a00000| Complete |  0
| 123|0x0000000087b00000, 0x0000000087c00000, 0x0000000087c00000|100%| E|CS|TAMS 0x0000000087b00000| PB 0x0000000087b00000| Complete |  0
| 124|0x0000000087c00000, 0x0000000087d00000, 0x0000000087d00000|100%| E|CS|TAMS 0x0000000087c00000| PB 0x0000000087c00000| Complete |  0
| 125|0x0000000087d00000, 0x0000000087e00000, 0x0000000087e00000|100%| E|CS|TAMS 0x0000000087d00000| PB 0x0000000087d00000| Complete |  0
| 126|0x0000000087e00000, 0x0000000087f00000, 0x0000000087f00000|100%| E|CS|TAMS 0x0000000087e00000| PB 0x0000000087e00000| Complete |  0
| 127|0x0000000087f00000, 0x0000000088000000, 0x0000000088000000|100%| E|CS|TAMS 0x0000000087f00000| PB 0x0000000087f00000| Complete |  0
|2046|0x00000000ffe00000, 0x00000000fff00000, 0x00000000fff00000|100%| O|  |TAMS 0x00000000ffe00000| PB 0x00000000ffe00000| Untracked |  0
|2047|0x00000000fff00000, 0x00000000fff1d1c0, 0x0000000100000000| 11%| O|  |TAMS 0x00000000fff00000| PB 0x00000000fff00000| Untracked |  0

Card table byte_map: [0x000001faf06c0000,0x000001faf0ac0000] _byte_map_base: 0x000001faf02c0000

Marking Bits: (CMBitMap*) 0x000001fad6a3c910
 Bits: [0x000001faf0ac0000, 0x000001faf2ac0000)

Polling page: 0x000001fad6920000

Metaspace:

Usage:
  Non-class:     15.68 MB used.
      Class:      1.88 MB used.
       Both:     17.56 MB used.

Virtual space:
  Non-class space:       64.00 MB reserved,      16.00 MB ( 25%) committed,  1 nodes.
      Class space:        1.00 GB reserved,       2.12 MB ( <1%) committed,  1 nodes.
             Both:        1.06 GB reserved,      18.12 MB (  2%) committed. 

Chunk freelists:
   Non-Class:  15.78 MB
       Class:  13.75 MB
        Both:  29.53 MB

MaxMetaspaceSize: unlimited
CompressedClassSpaceSize: 1.00 GB
Initial GC threshold: 21.00 MB
Current GC threshold: 21.00 MB
CDS: on
 - commit_granule_bytes: 65536.
 - commit_granule_words: 8192.
 - virtual_space_node_default_size: 8388608.
 - enlarge_chunks_in_place: 1.
UseCompressedClassPointers 1, UseCompactObjectHeaders 0
Narrow klass pointer bits 32, Max shift 3
Narrow klass base: 0x000001fa80000000, Narrow klass shift: 0
Encoding Range: [0x000001fa80000000 - 0x000001fb80000000), (4294967296 bytes)
Klass Range:    [0x000001fa80000000 - 0x000001fac1000000), (1090519040 bytes)
Klass ID Range:  [8 - 1090519033) (1090519025)


Internal statistics:

num_allocs_failed_limit: 0.
num_arena_births: 684.
num_arena_deaths: 0.
num_vsnodes_births: 2.
num_vsnodes_deaths: 0.
num_space_committed: 290.
num_space_uncommitted: 0.
num_chunks_returned_to_freelist: 0.
num_chunks_taken_from_freelist: 1348.
num_chunk_merges: 0.
num_chunk_splits: 860.
num_chunks_enlarged: 564.
num_inconsistent_stats: 0.

CodeHeap 'non-profiled nmethods': size=120064Kb used=1271Kb max_used=1271Kb free=118792Kb
 bounds [0x000001fae8760000, 0x000001fae89d0000, 0x000001faefca0000]
CodeHeap 'profiled nmethods': size=120000Kb used=5452Kb max_used=5452Kb free=114547Kb
 bounds [0x000001fae0ca0000, 0x000001fae1200000, 0x000001fae81d0000]
CodeHeap 'non-nmethods': size=5696Kb used=1428Kb max_used=1449Kb free=4267Kb
 bounds [0x000001fae81d0000, 0x000001fae8440000, 0x000001fae8760000]
CodeCache: size=245760Kb, used=8151Kb, max_used=8172Kb, free=237606Kb
 total_blobs=3738, nmethods=3141, adapters=502, full_count=0
Compilation: enabled, stopped_count=0, restarted_count=0

Compilation events (20 events):
Event: 3.091 Thread 0x000001faf514de90 3115       3       java.security.MessageDigest::update (14 bytes)
Event: 3.091 Thread 0x000001faf514de90 nmethod 3115 0x000001fae11e2c08 code [0x000001fae11e2d40, 0x000001fae11e3018]
Event: 3.092 Thread 0x000001faf514de90 3116       3       java.util.HashMap::put (13 bytes)
Event: 3.093 Thread 0x000001faf514de90 nmethod 3116 0x000001fae11e3088 code [0x000001fae11e31c0, 0x000001fae11e3538]
Event: 3.095 Thread 0x000001faf514de90 3117       3       org.gradle.internal.service.DefaultServiceRegistry::access$1500 (6 bytes)
Event: 3.095 Thread 0x000001faf514de90 nmethod 3117 0x000001fae11e3588 code [0x000001fae11e36a0, 0x000001fae11e37b8]
Event: 3.095 Thread 0x000001faf514de90 3118       3       org.gradle.internal.service.DefaultServiceRegistry$SingletonService::getAll (38 bytes)
Event: 3.095 Thread 0x000001faf514de90 nmethod 3118 0x000001fae11e3888 code [0x000001fae11e3a00, 0x000001fae11e3e20]
Event: 3.095 Thread 0x000001faf514de90 3119       3       org.gradle.internal.service.DefaultServiceRegistry$CollectingVisitor::visit (25 bytes)
Event: 3.096 Thread 0x000001faf514de90 nmethod 3119 0x000001fae11e3e88 code [0x000001fae11e3fc0, 0x000001fae11e42a8]
Event: 3.119 Thread 0x000001faf514de90 3120   !   3       org.gradle.internal.classloader.TransformingClassLoader::findClass (203 bytes)
Event: 3.121 Thread 0x000001faf514de90 nmethod 3120 0x000001fae11e4308 code [0x000001fae11e4780, 0x000001fae11e7160]
Event: 3.121 Thread 0x000001faf514de90 3121       3       org.gradle.initialization.MixInLegacyTypesClassLoader::shouldTransform (42 bytes)
Event: 3.121 Thread 0x000001faf514de90 nmethod 3121 0x000001fae11e7308 code [0x000001fae11e7460, 0x000001fae11e7848]
Event: 3.124 Thread 0x000001faf514de90 3122       3       jdk.internal.misc.Unsafe::putReferenceOpaque (9 bytes)
Event: 3.124 Thread 0x000001faf514de90 nmethod 3122 0x000001fae11e7908 code [0x000001fae11e7a20, 0x000001fae11e7b80]
Event: 3.125 Thread 0x000001faf514de90 3123       3       org.gradle.internal.service.DefaultServiceRegistry$SingletonService::<init> (58 bytes)
Event: 3.126 Thread 0x000001faf514de90 nmethod 3123 0x000001fae11e7c08 code [0x000001fae11e7de0, 0x000001fae11e8940]
Event: 3.146 Thread 0x000001faf514de90 3124       3       java.util.concurrent.locks.LockSupport::setBlocker (12 bytes)
Event: 3.147 Thread 0x000001faf514de90 nmethod 3124 0x000001fae11e8a08 code [0x000001fae11e8b20, 0x000001fae11e8da8]

GC Heap History (6 events):
Event: 0.463 GC heap before
{Heap before GC invocations=0 (full 0):
 garbage-first heap   total reserved 2097152K, committed 133120K, used 29812K [0x0000000080000000, 0x0000000100000000)
  region size 1024K, 28 young (28672K), 0 survivors (0K)
 Metaspace       used 1061K, committed 1216K, reserved 1114112K
  class space    used 58K, committed 128K, reserved 1048576K
}
Event: 0.467 GC heap after
{Heap after GC invocations=1 (full 0):
 garbage-first heap   total reserved 2097152K, committed 133120K, used 5802K [0x0000000080000000, 0x0000000100000000)
  region size 1024K, 4 young (4096K), 4 survivors (4096K)
 Metaspace       used 1061K, committed 1216K, reserved 1114112K
  class space    used 58K, committed 128K, reserved 1048576K
}
Event: 1.286 GC heap before
{Heap before GC invocations=1 (full 0):
 garbage-first heap   total reserved 2097152K, committed 133120K, used 63146K [0x0000000080000000, 0x0000000100000000)
  region size 1024K, 57 young (58368K), 4 survivors (4096K)
 Metaspace       used 4503K, committed 4736K, reserved 1114112K
  class space    used 384K, committed 512K, reserved 1048576K
}
Event: 1.293 GC heap after
{Heap after GC invocations=2 (full 0):
 garbage-first heap   total reserved 2097152K, committed 133120K, used 13182K [0x0000000080000000, 0x0000000100000000)
  region size 1024K, 8 young (8192K), 8 survivors (8192K)
 Metaspace       used 4503K, committed 4736K, reserved 1114112K
  class space    used 384K, committed 512K, reserved 1048576K
}
Event: 2.462 GC heap before
{Heap before GC invocations=2 (full 0):
 garbage-first heap   total reserved 2097152K, committed 133120K, used 72574K [0x0000000080000000, 0x0000000100000000)
  region size 1024K, 64 young (65536K), 8 survivors (8192K)
 Metaspace       used 11912K, committed 12352K, reserved 1114112K
  class space    used 1212K, committed 1408K, reserved 1048576K
}
Event: 2.470 GC heap after
{Heap after GC invocations=3 (full 0):
 garbage-first heap   total reserved 2097152K, committed 133120K, used 21109K [0x0000000080000000, 0x0000000100000000)
  region size 1024K, 8 young (8192K), 8 survivors (8192K)
 Metaspace       used 11912K, committed 12352K, reserved 1114112K
  class space    used 1212K, committed 1408K, reserved 1048576K
}

Dll operation events (15 events):
Event: 0.013 Loaded shared library C:\Program Files\Java\jdk-24\bin\java.dll
Event: 0.044 Loaded shared library C:\Program Files\Java\jdk-24\bin\jsvml.dll
Event: 0.082 Loaded shared library C:\Program Files\Java\jdk-24\bin\zip.dll
Event: 0.085 Loaded shared library C:\Program Files\Java\jdk-24\bin\instrument.dll
Event: 0.088 Loaded shared library C:\Program Files\Java\jdk-24\bin\net.dll
Event: 0.090 Loaded shared library C:\Program Files\Java\jdk-24\bin\nio.dll
Event: 0.093 Loaded shared library C:\Program Files\Java\jdk-24\bin\zip.dll
Event: 0.376 Loaded shared library C:\Program Files\Java\jdk-24\bin\jimage.dll
Event: 0.511 Loaded shared library C:\Program Files\Java\jdk-24\bin\verify.dll
Event: 0.601 Loaded shared library C:\Users\DEEPAK SHARMA\.gradle\native\1def1411415f61bf3af743bc5b6707747c0891f09f0c88961ee8f79bc544acac\windows-amd64\native-platform.dll
Event: 0.611 Loaded shared library C:\Users\DEEPAK SHARMA\.gradle\native\0.2.7\x86_64-windows-gnu\gradle-fileevents.dll
Event: 1.805 Loaded shared library C:\Program Files\Java\jdk-24\bin\management.dll
Event: 1.807 Loaded shared library C:\Program Files\Java\jdk-24\bin\management_ext.dll
Event: 1.965 Loaded shared library C:\Program Files\Java\jdk-24\bin\extnet.dll
Event: 2.224 Loaded shared library C:\Program Files\Java\jdk-24\bin\sunmscapi.dll

Deoptimization events (20 events):
Event: 2.516 Thread 0x000001fac6f83ec0 Uncommon trap: trap_request=0xffffffc6 fr.pc=0x000001fae8869934 relative=0x00000000000005f4
Event: 2.516 Thread 0x000001fac6f83ec0 Uncommon trap: reason=bimorphic_or_optimized_type_check action=maybe_recompile pc=0x000001fae8869934 method=java.util.HashMap.putVal(ILjava/lang/Object;Ljava/lang/Object;ZZ)Ljava/lang/Object; @ 91 c2
Event: 2.516 Thread 0x000001fac6f83ec0 DEOPT PACKING pc=0x000001fae8869934 sp=0x000000bfb24fc160
Event: 2.516 Thread 0x000001fac6f83ec0 DEOPT UNPACKING pc=0x000001fae82e6e82 sp=0x000000bfb24fc0c0 mode 2
Event: 2.526 Thread 0x000001fac6f83ec0 Uncommon trap: trap_request=0xffffff4d fr.pc=0x000001fae87e85bc relative=0x000000000000027c
Event: 2.526 Thread 0x000001fac6f83ec0 Uncommon trap: reason=unstable_if action=reinterpret pc=0x000001fae87e85bc method=java.util.concurrent.ConcurrentHashMap.get(Ljava/lang/Object;)Ljava/lang/Object; @ 76 c2
Event: 2.526 Thread 0x000001fac6f83ec0 DEOPT PACKING pc=0x000001fae87e85bc sp=0x000000bfb24fb7e0
Event: 2.526 Thread 0x000001fac6f83ec0 DEOPT UNPACKING pc=0x000001fae82e6e82 sp=0x000000bfb24fb748 mode 2
Event: 2.880 Thread 0x000001fac6f83ec0 Uncommon trap: trap_request=0xffffff4d fr.pc=0x000001fae8786ac0 relative=0x0000000000000b60
Event: 2.880 Thread 0x000001fac6f83ec0 Uncommon trap: reason=unstable_if action=reinterpret pc=0x000001fae8786ac0 method=java.io.WinNTFileSystem.resolve(Ljava/lang/String;Ljava/lang/String;)Ljava/lang/String; @ 42 c2
Event: 2.880 Thread 0x000001fac6f83ec0 DEOPT PACKING pc=0x000001fae8786ac0 sp=0x000000bfb24fb190
Event: 2.880 Thread 0x000001fac6f83ec0 DEOPT UNPACKING pc=0x000001fae82e6e82 sp=0x000000bfb24fb108 mode 2
Event: 2.881 Thread 0x000001fac6f83ec0 Uncommon trap: trap_request=0xffffff4d fr.pc=0x000001fae878ea48 relative=0x0000000000000588
Event: 2.881 Thread 0x000001fac6f83ec0 Uncommon trap: reason=unstable_if action=reinterpret pc=0x000001fae878ea48 method=java.io.File.getName()Ljava/lang/String; @ 16 c2
Event: 2.881 Thread 0x000001fac6f83ec0 DEOPT PACKING pc=0x000001fae878ea48 sp=0x000000bfb24fb160
Event: 2.882 Thread 0x000001fac6f83ec0 DEOPT UNPACKING pc=0x000001fae82e6e82 sp=0x000000bfb24fb130 mode 2
Event: 2.948 Thread 0x000001fac6f83ec0 Uncommon trap: trap_request=0xffffff4d fr.pc=0x000001fae887aa34 relative=0x0000000000000614
Event: 2.948 Thread 0x000001fac6f83ec0 Uncommon trap: reason=unstable_if action=reinterpret pc=0x000001fae887aa34 method=java.util.HashMap.hash(Ljava/lang/Object;)I @ 1 c2
Event: 2.948 Thread 0x000001fac6f83ec0 DEOPT PACKING pc=0x000001fae887aa34 sp=0x000000bfb24fc230
Event: 2.948 Thread 0x000001fac6f83ec0 DEOPT UNPACKING pc=0x000001fae82e6e82 sp=0x000000bfb24fc190 mode 2

Classes loaded (20 events):
Event: 3.036 Loading class java/lang/invoke/BoundMethodHandle$Species_LLLLLLLLLLLLLLLL
Event: 3.036 Loading class java/lang/invoke/BoundMethodHandle$Species_LLLLLLLLLLLLLLLL done
Event: 3.039 Loading class java/lang/invoke/BoundMethodHandle$Species_LLLLLLLLLLLLLLLLL
Event: 3.039 Loading class java/lang/invoke/BoundMethodHandle$Species_LLLLLLLLLLLLLLLLL done
Event: 3.040 Loading class java/lang/invoke/BoundMethodHandle$Species_LLLLLLLLLLLLLLLLLL
Event: 3.040 Loading class java/lang/invoke/BoundMethodHandle$Species_LLLLLLLLLLLLLLLLLL done
Event: 3.042 Loading class java/lang/invoke/BoundMethodHandle$Species_LLLLLLLLLLLLLLLLLLL
Event: 3.042 Loading class java/lang/invoke/BoundMethodHandle$Species_LLLLLLLLLLLLLLLLLLL done
Event: 3.044 Loading class java/lang/invoke/BoundMethodHandle$Species_LLLLLLLLLLLLLLLLLLLL
Event: 3.044 Loading class java/lang/invoke/BoundMethodHandle$Species_LLLLLLLLLLLLLLLLLLLL done
Event: 3.046 Loading class java/lang/invoke/BoundMethodHandle$Species_LLLLLLLLLLLLLLLLLLLLL
Event: 3.046 Loading class java/lang/invoke/BoundMethodHandle$Species_LLLLLLLLLLLLLLLLLLLLL done
Event: 3.048 Loading class java/lang/invoke/BoundMethodHandle$Species_LLLLLLLLLLLLLLLLLLLLLL
Event: 3.048 Loading class java/lang/invoke/BoundMethodHandle$Species_LLLLLLLLLLLLLLLLLLLLLL done
Event: 3.050 Loading class java/lang/invoke/BoundMethodHandle$Species_LLLLLLLLLLLLLLLLLLLLLLL
Event: 3.051 Loading class java/lang/invoke/BoundMethodHandle$Species_LLLLLLLLLLLLLLLLLLLLLLL done
Event: 3.052 Loading class java/lang/invoke/BoundMethodHandle$Species_LLLLLLLLLLLLLLLLLLLLLLLL
Event: 3.052 Loading class java/lang/invoke/BoundMethodHandle$Species_LLLLLLLLLLLLLLLLLLLLLLLL done
Event: 3.147 Loading class java/util/function/LongFunction
Event: 3.147 Loading class java/util/function/LongFunction done

Classes unloaded (0 events):
No events

Classes redefined (0 events):
No events

Internal exceptions (20 events):
Event: 2.880 Thread 0x000001fac6f83ec0 Exception <a 'java/io/IOException'{0x0000000086accef8}> (0x0000000086accef8) 
thrown [s\open\src\hotspot\share\prims\jni.cpp, line 518]
Event: 2.890 Thread 0x000001fac6f83ec0 Exception <a 'java/lang/NoSuchMethodError'{0x0000000086929620}: 'void java.lang.invoke.DirectMethodHandle$Holder.invokeStatic(java.lang.Object, java.lang.Object, java.lang.Object, java.lang.Object)'> (0x0000000086929620) 
thrown [s\open\src\hotspot\share\interpreter\linkResolver.cpp, line 805]
Event: 2.891 Thread 0x000001fac6f83ec0 Exception <a 'java/lang/NoSuchMethodError'{0x0000000086931ff0}: 'void java.lang.invoke.DirectMethodHandle$Holder.invokeStaticInit(java.lang.Object, java.lang.Object, java.lang.Object, java.lang.Object)'> (0x0000000086931ff0) 
thrown [s\open\src\hotspot\share\interpreter\linkResolver.cpp, line 805]
Event: 2.899 Thread 0x000001fac6f83ec0 Exception <a 'java/lang/NoSuchMethodError'{0x000000008698ba08}: 'java.lang.Object java.lang.invoke.DirectMethodHandle$Holder.invokeInterface(java.lang.Object, java.lang.Object, java.lang.Object)'> (0x000000008698ba08) 
thrown [s\open\src\hotspot\share\interpreter\linkResolver.cpp, line 805]
Event: 2.919 Thread 0x000001fac6f83ec0 Exception <a 'java/lang/NoSuchMethodError'{0x00000000868c39c0}: 'int java.lang.invoke.DirectMethodHandle$Holder.invokeSpecialIFC(java.lang.Object, java.lang.Object, java.lang.Object, java.lang.Object)'> (0x00000000868c39c0) 
thrown [s\open\src\hotspot\share\interpreter\linkResolver.cpp, line 805]
Event: 2.921 Thread 0x000001fac6f83ec0 Exception <a 'java/lang/IncompatibleClassChangeError'{0x00000000868ea4c0}: Found class java.lang.Object, but interface was expected> (0x00000000868ea4c0) 
thrown [s\open\src\hotspot\share\interpreter\linkResolver.cpp, line 872]
Event: 2.948 Thread 0x000001fac6f83ec0 Implicit null exception at 0x000001fae887a459 to 0x000001fae887aa1c
Event: 2.970 Thread 0x000001fac6f83ec0 Exception <a 'java/lang/NoSuchMethodError'{0x0000000086515cd8}: 'int java.lang.invoke.DirectMethodHandle$Holder.invokeStatic(java.lang.Object, java.lang.Object, java.lang.Object, java.lang.Object)'> (0x0000000086515cd8) 
thrown [s\open\src\hotspot\share\interpreter\linkResolver.cpp, line 805]
Event: 3.026 Thread 0x000001fac6f83ec0 Exception <a 'java/lang/NoSuchMethodError'{0x000000008638ba00}: 'java.lang.Object java.lang.invoke.DelegatingMethodHandle$Holder.reinvoke_L(java.lang.Object, java.lang.Object, java.lang.Object, java.lang.Object, java.lang.Object, java.lang.Object, java.lang.Object, java.lang.Object, java.lang.Object, java.lang.Object, java.lang.Object, java.lang.Object, java.lang.Object, java.lang.Object, java.lang.Object, java.lang.Object, java.lang.Object, java.lang.Object, java.lang.Object, java.lang.Object, java.lang.O
Event: 3.031 Thread 0x000001fac6f83ec0 Exception <a 'java/lang/NoSuchMethodError'{0x000000008623dd20}: 'java.lang.Object java.lang.invoke.DirectMethodHandle$Holder.invokeStatic(java.lang.Object, java.lang.Object, java.lang.Object, java.lang.Object, java.lang.Object, java.lang.Object, java.lang.Object, java.lang.Object, java.lang.Object, java.lang.Object, java.lang.Object, java.lang.Object, java.lang.Object, java.lang.Object, java.lang.Object, java.lang.Object, java.lang.Object)'> (0x000000008623dd20) 
thrown [s\open\src\hotspot\share\interprete
Event: 3.035 Thread 0x000001fac6f83ec0 Exception <a 'java/lang/NoSuchMethodError'{0x0000000086270fd0}: 'java.lang.Object java.lang.invoke.DirectMethodHandle$Holder.invokeStatic(java.lang.Object, java.lang.Object, java.lang.Object, java.lang.Object, java.lang.Object, java.lang.Object, java.lang.Object, java.lang.Object, java.lang.Object, java.lang.Object, java.lang.Object, java.lang.Object, java.lang.Object, java.lang.Object, java.lang.Object, java.lang.Object, java.lang.Object, java.lang.Object)'> (0x0000000086270fd0) 
thrown [s\open\src\hotspo
Event: 3.038 Thread 0x000001fac6f83ec0 Exception <a 'java/lang/NoSuchMethodError'{0x00000000862a3fb8}: 'java.lang.Object java.lang.invoke.DirectMethodHandle$Holder.invokeStatic(java.lang.Object, java.lang.Object, java.lang.Object, java.lang.Object, java.lang.Object, java.lang.Object, java.lang.Object, java.lang.Object, java.lang.Object, java.lang.Object, java.lang.Object, java.lang.Object, java.lang.Object, java.lang.Object, java.lang.Object, java.lang.Object, java.lang.Object, java.lang.Object, java.lang.Object)'> (0x00000000862a3fb8) 
thrown 
Event: 3.039 Thread 0x000001fac6f83ec0 Exception <a 'java/lang/NoSuchMethodError'{0x00000000862d8da8}: 'java.lang.Object java.lang.invoke.DirectMethodHandle$Holder.invokeStatic(java.lang.Object, java.lang.Object, java.lang.Object, java.lang.Object, java.lang.Object, java.lang.Object, java.lang.Object, java.lang.Object, java.lang.Object, java.lang.Object, java.lang.Object, java.lang.Object, java.lang.Object, java.lang.Object, java.lang.Object, java.lang.Object, java.lang.Object, java.lang.Object, java.lang.Object, java.lang.Object)'> (0x00000000
Event: 3.041 Thread 0x000001fac6f83ec0 Exception <a 'java/lang/NoSuchMethodError'{0x000000008610e248}: 'java.lang.Object java.lang.invoke.DirectMethodHandle$Holder.invokeStatic(java.lang.Object, java.lang.Object, java.lang.Object, java.lang.Object, java.lang.Object, java.lang.Object, java.lang.Object, java.lang.Object, java.lang.Object, java.lang.Object, java.lang.Object, java.lang.Object, java.lang.Object, java.lang.Object, java.lang.Object, java.lang.Object, java.lang.Object, java.lang.Object, java.lang.Object, java.lang.Object, java.lang.Obj
Event: 3.043 Thread 0x000001fac6f83ec0 Exception <a 'java/lang/NoSuchMethodError'{0x000000008614a320}: 'java.lang.Object java.lang.invoke.DirectMethodHandle$Holder.invokeStatic(java.lang.Object, java.lang.Object, java.lang.Object, java.lang.Object, java.lang.Object, java.lang.Object, java.lang.Object, java.lang.Object, java.lang.Object, java.lang.Object, java.lang.Object, java.lang.Object, java.lang.Object, java.lang.Object, java.lang.Object, java.lang.Object, java.lang.Object, java.lang.Object, java.lang.Object, java.lang.Object, java.lang.Obj
Event: 3.045 Thread 0x000001fac6f83ec0 Exception <a 'java/lang/NoSuchMethodError'{0x0000000086181128}: 'java.lang.Object java.lang.invoke.DirectMethodHandle$Holder.invokeStatic(java.lang.Object, java.lang.Object, java.lang.Object, java.lang.Object, java.lang.Object, java.lang.Object, java.lang.Object, java.lang.Object, java.lang.Object, java.lang.Object, java.lang.Object, java.lang.Object, java.lang.Object, java.lang.Object, java.lang.Object, java.lang.Object, java.lang.Object, java.lang.Object, java.lang.Object, java.lang.Object, java.lang.Obj
Event: 3.047 Thread 0x000001fac6f83ec0 Exception <a 'java/lang/NoSuchMethodError'{0x00000000861b93a8}: 'java.lang.Object java.lang.invoke.DirectMethodHandle$Holder.invokeStatic(java.lang.Object, java.lang.Object, java.lang.Object, java.lang.Object, java.lang.Object, java.lang.Object, java.lang.Object, java.lang.Object, java.lang.Object, java.lang.Object, java.lang.Object, java.lang.Object, java.lang.Object, java.lang.Object, java.lang.Object, java.lang.Object, java.lang.Object, java.lang.Object, java.lang.Object, java.lang.Object, java.lang.Obj
Event: 3.049 Thread 0x000001fac6f83ec0 Exception <a 'java/lang/NoSuchMethodError'{0x00000000861f2218}: 'java.lang.Object java.lang.invoke.DirectMethodHandle$Holder.invokeStatic(java.lang.Object, java.lang.Object, java.lang.Object, java.lang.Object, java.lang.Object, java.lang.Object, java.lang.Object, java.lang.Object, java.lang.Object, java.lang.Object, java.lang.Object, java.lang.Object, java.lang.Object, java.lang.Object, java.lang.Object, java.lang.Object, java.lang.Object, java.lang.Object, java.lang.Object, java.lang.Object, java.lang.Obj
Event: 3.051 Thread 0x000001fac6f83ec0 Exception <a 'java/lang/NoSuchMethodError'{0x000000008602c4f0}: 'java.lang.Object java.lang.invoke.DirectMethodHandle$Holder.invokeStatic(java.lang.Object, java.lang.Object, java.lang.Object, java.lang.Object, java.lang.Object, java.lang.Object, java.lang.Object, java.lang.Object, java.lang.Object, java.lang.Object, java.lang.Object, java.lang.Object, java.lang.Object, java.lang.Object, java.lang.Object, java.lang.Object, java.lang.Object, java.lang.Object, java.lang.Object, java.lang.Object, java.lang.Obj
Event: 3.053 Thread 0x000001fac6f83ec0 Exception <a 'java/lang/NoSuchMethodError'{0x0000000086067428}: 'java.lang.Object java.lang.invoke.DirectMethodHandle$Holder.invokeStatic(java.lang.Object, java.lang.Object, java.lang.Object, java.lang.Object, java.lang.Object, java.lang.Object, java.lang.Object, java.lang.Object, java.lang.Object, java.lang.Object, java.lang.Object, java.lang.Object, java.lang.Object, java.lang.Object, java.lang.Object, java.lang.Object, java.lang.Object, java.lang.Object, java.lang.Object, java.lang.Object, java.lang.Obj

VM Operations (20 events):
Event: 1.756 Executing VM operation: HandshakeAllThreads (Deoptimize)
Event: 1.756 Executing VM operation: HandshakeAllThreads (Deoptimize) done
Event: 1.839 Executing VM operation: HandshakeAllThreads (Deoptimize)
Event: 1.839 Executing VM operation: HandshakeAllThreads (Deoptimize) done
Event: 1.979 Executing VM operation: HandshakeAllThreads (Deoptimize)
Event: 1.979 Executing VM operation: HandshakeAllThreads (Deoptimize) done
Event: 2.027 Executing VM operation: HandshakeAllThreads (Deoptimize)
Event: 2.027 Executing VM operation: HandshakeAllThreads (Deoptimize) done
Event: 2.094 Executing VM operation: HandshakeAllThreads (Deoptimize)
Event: 2.094 Executing VM operation: HandshakeAllThreads (Deoptimize) done
Event: 2.195 Executing VM operation: HandshakeAllThreads (Deoptimize)
Event: 2.195 Executing VM operation: HandshakeAllThreads (Deoptimize) done
Event: 2.462 Executing VM operation: G1CollectForAllocation (G1 Evacuation Pause)
Event: 2.470 Executing VM operation: G1CollectForAllocation (G1 Evacuation Pause) done
Event: 2.600 Executing VM operation: HandshakeAllThreads (Deoptimize)
Event: 2.600 Executing VM operation: HandshakeAllThreads (Deoptimize) done
Event: 3.060 Executing VM operation: HandshakeAllThreads (Deoptimize)
Event: 3.060 Executing VM operation: HandshakeAllThreads (Deoptimize) done
Event: 3.061 Executing VM operation: HandshakeAllThreads (Deoptimize)
Event: 3.061 Executing VM operation: HandshakeAllThreads (Deoptimize) done

Memory protections (0 events):
No events

Nmethod flushes (0 events):
No events

Events (20 events):
Event: 0.041 Thread 0x000001fad69e37d0 Thread added: 0x000001faf5148790
Event: 0.042 Thread 0x000001fad69e37d0 Thread added: 0x000001faf514de90
Event: 0.086 Thread 0x000001fad69e37d0 Thread added: 0x000001fac51f3ab0
Event: 0.108 Thread 0x000001fad69e37d0 Thread added: 0x000001fac5259850
Event: 0.168 Thread 0x000001faf5148790 Thread added: 0x000001fac53a7d60
Event: 1.314 Thread 0x000001fac53a7d60 Thread exited: 0x000001fac53a7d60
Event: 1.452 Thread 0x000001faf514de90 Thread added: 0x000001fac65ee290
Event: 1.842 Thread 0x000001fad69e37d0 Thread added: 0x000001fac6c13740
Event: 2.109 Thread 0x000001fad69e37d0 Thread added: 0x000001fac6cd6ca0
Event: 2.192 Thread 0x000001fad69e37d0 Thread added: 0x000001fac69f3930
Event: 2.257 Thread 0x000001fac6cd6ca0 Thread added: 0x000001fac6a00a50
Event: 2.261 Thread 0x000001fac6a00a50 Thread added: 0x000001fac6a01560
Event: 2.301 Thread 0x000001fac6a00a50 Thread added: 0x000001fac6f84d60
Event: 2.308 Thread 0x000001fac6a00a50 Thread added: 0x000001fac6f83ec0
Event: 2.321 Thread 0x000001fac6f83ec0 Thread added: 0x000001fac6f854b0
Event: 2.343 Thread 0x000001fac6f83ec0 Thread added: 0x000001fac6f82180
Event: 2.346 Thread 0x000001fac6f83ec0 Thread added: 0x000001fac6f828d0
Event: 2.788 Thread 0x000001fac6f83ec0 Thread added: 0x000001fac6f83770
Event: 2.795 Thread 0x000001fac6f83ec0 Thread added: 0x000001fac6f84610
Event: 2.832 Thread 0x000001fac6f83ec0 Thread added: 0x000001fac74ad080


Dynamic libraries:
0x00007ff730560000 - 0x00007ff730570000 	C:\Program Files\Java\jdk-24\bin\java.exe
0x00007ffa53160000 - 0x00007ffa533c9000 	C:\WINDOWS\SYSTEM32\ntdll.dll
0x00007ffa52320000 - 0x00007ffa523e9000 	C:\WINDOWS\System32\KERNEL32.DLL
0x00007ffa50600000 - 0x00007ffa509ed000 	C:\WINDOWS\System32\KERNELBASE.dll
0x00007ffa50db0000 - 0x00007ffa50efb000 	C:\WINDOWS\System32\ucrtbase.dll
0x00007ffa2b380000 - 0x00007ffa2b39b000 	C:\Program Files\Java\jdk-24\bin\VCRUNTIME140.dll
0x00007ffa2b1b0000 - 0x00007ffa2b1c6000 	C:\Program Files\Java\jdk-24\bin\jli.dll
0x00007ffa52b10000 - 0x00007ffa52cdc000 	C:\WINDOWS\System32\USER32.dll
0x00007ffa40bf0000 - 0x00007ffa40e8a000 	C:\WINDOWS\WinSxS\amd64_microsoft.windows.common-controls_6595b64144ccf1df_6.0.26100.5651_none_3e0bb264e3315894\COMCTL32.dll
0x00007ffa502b0000 - 0x00007ffa502d7000 	C:\WINDOWS\System32\win32u.dll
0x00007ffa528b0000 - 0x00007ffa52959000 	C:\WINDOWS\System32\msvcrt.dll
0x00007ffa516c0000 - 0x00007ffa516eb000 	C:\WINDOWS\System32\GDI32.dll
0x00007ffa50410000 - 0x00007ffa50547000 	C:\WINDOWS\System32\gdi32full.dll
0x00007ffa50550000 - 0x00007ffa505f3000 	C:\WINDOWS\System32\msvcp_win.dll
0x00007ffa530e0000 - 0x00007ffa5310f000 	C:\WINDOWS\System32\IMM32.DLL
0x00007ffa2d710000 - 0x00007ffa2d71c000 	C:\Program Files\Java\jdk-24\bin\vcruntime140_1.dll
0x00007ffa1ccf0000 - 0x00007ffa1cd7e000 	C:\Program Files\Java\jdk-24\bin\msvcp140.dll
0x00007ff9a6f10000 - 0x00007ff9a7cb2000 	C:\Program Files\Java\jdk-24\bin\server\jvm.dll
0x00007ffa52fa0000 - 0x00007ffa53054000 	C:\WINDOWS\System32\ADVAPI32.dll
0x00007ffa521e0000 - 0x00007ffa52286000 	C:\WINDOWS\System32\sechost.dll
0x00007ffa523f0000 - 0x00007ffa52508000 	C:\WINDOWS\System32\RPCRT4.dll
0x00007ffa522a0000 - 0x00007ffa52314000 	C:\WINDOWS\System32\WS2_32.dll
0x00007ffa411e0000 - 0x00007ffa41215000 	C:\WINDOWS\SYSTEM32\WINMM.dll
0x00007ffa47c30000 - 0x00007ffa47c3b000 	C:\WINDOWS\SYSTEM32\VERSION.dll
0x00007ffa50100000 - 0x00007ffa5015e000 	C:\WINDOWS\SYSTEM32\POWRPROF.dll
0x00007ffa500e0000 - 0x00007ffa500f4000 	C:\WINDOWS\SYSTEM32\UMPDC.dll
0x00007ffa4f060000 - 0x00007ffa4f07b000 	C:\WINDOWS\SYSTEM32\kernel.appcore.dll
0x00007ffa2cdc0000 - 0x00007ffa2cdca000 	C:\Program Files\Java\jdk-24\bin\jimage.dll
0x00007ffa3c280000 - 0x00007ffa3c4c2000 	C:\WINDOWS\SYSTEM32\DBGHELP.DLL
0x00007ffa52510000 - 0x00007ffa52896000 	C:\WINDOWS\System32\combase.dll
0x00007ffa52070000 - 0x00007ffa52150000 	C:\WINDOWS\System32\OLEAUT32.dll
0x00007ffa38870000 - 0x00007ffa388b3000 	C:\WINDOWS\SYSTEM32\dbgcore.DLL
0x00007ffa502e0000 - 0x00007ffa50379000 	C:\WINDOWS\System32\bcryptPrimitives.dll
0x00007ffa1d100000 - 0x00007ffa1d10f000 	C:\Program Files\Java\jdk-24\bin\instrument.dll
0x00007ffa2b190000 - 0x00007ffa2b1ae000 	C:\Program Files\Java\jdk-24\bin\java.dll
0x00007ffa51ec0000 - 0x00007ffa5205e000 	C:\WINDOWS\System32\ole32.dll
0x00007ffa516f0000 - 0x00007ffa51e3b000 	C:\WINDOWS\System32\SHELL32.dll
0x00007ffa50c30000 - 0x00007ffa50da4000 	C:\WINDOWS\System32\wintypes.dll
0x00007ffa4df30000 - 0x00007ffa4e78e000 	C:\WINDOWS\SYSTEM32\windows.storage.dll
0x00007ffa52960000 - 0x00007ffa52a55000 	C:\WINDOWS\System32\SHCORE.dll
0x00007ffa52170000 - 0x00007ffa521da000 	C:\WINDOWS\System32\shlwapi.dll
0x00007ffa501c0000 - 0x00007ffa501ef000 	C:\WINDOWS\SYSTEM32\profapi.dll
0x00007ffa114b0000 - 0x00007ffa11587000 	C:\Program Files\Java\jdk-24\bin\jsvml.dll
0x00007ffa201e0000 - 0x00007ffa201f7000 	C:\Program Files\Java\jdk-24\bin\zip.dll
0x00007ffa2bf80000 - 0x00007ffa2bf90000 	C:\Program Files\Java\jdk-24\bin\net.dll
0x00007ffa4f5e0000 - 0x00007ffa4f64c000 	C:\WINDOWS\system32\mswsock.dll
0x00007ffa20a20000 - 0x00007ffa20a36000 	C:\Program Files\Java\jdk-24\bin\nio.dll
0x00007ffa2b370000 - 0x00007ffa2b380000 	C:\Program Files\Java\jdk-24\bin\verify.dll
0x00007ffa1cdf0000 - 0x00007ffa1ce17000 	C:\Users\DEEPAK SHARMA\.gradle\native\1def1411415f61bf3af743bc5b6707747c0891f09f0c88961ee8f79bc544acac\windows-amd64\native-platform.dll
0x00007ffa05950000 - 0x00007ffa059c8000 	C:\Users\DEEPAK SHARMA\.gradle\native\0.2.7\x86_64-windows-gnu\gradle-fileevents.dll
0x00007ffa2b100000 - 0x00007ffa2b10a000 	C:\Program Files\Java\jdk-24\bin\management.dll
0x00007ffa2af40000 - 0x00007ffa2af4b000 	C:\Program Files\Java\jdk-24\bin\management_ext.dll
0x00007ffa515f0000 - 0x00007ffa515f8000 	C:\WINDOWS\System32\PSAPI.DLL
0x00007ffa4ea90000 - 0x00007ffa4eac4000 	C:\WINDOWS\SYSTEM32\IPHLPAPI.DLL
0x00007ffa528a0000 - 0x00007ffa528aa000 	C:\WINDOWS\System32\NSI.dll
0x00007ffa1d110000 - 0x00007ffa1d119000 	C:\Program Files\Java\jdk-24\bin\extnet.dll
0x00007ffa4f890000 - 0x00007ffa4f8ab000 	C:\WINDOWS\SYSTEM32\CRYPTSP.dll
0x00007ffa4efc0000 - 0x00007ffa4effa000 	C:\WINDOWS\system32\rsaenh.dll
0x00007ffa4f680000 - 0x00007ffa4f6ab000 	C:\WINDOWS\SYSTEM32\USERENV.dll
0x00007ffa50190000 - 0x00007ffa501b6000 	C:\WINDOWS\SYSTEM32\bcrypt.dll
0x00007ffa4f8b0000 - 0x00007ffa4f8bc000 	C:\WINDOWS\SYSTEM32\CRYPTBASE.dll
0x00007ffa1cde0000 - 0x00007ffa1cdee000 	C:\Program Files\Java\jdk-24\bin\sunmscapi.dll
0x00007ffa509f0000 - 0x00007ffa50b67000 	C:\WINDOWS\System32\CRYPT32.dll
0x00007ffa4fab0000 - 0x00007ffa4fae0000 	C:\WINDOWS\SYSTEM32\ncrypt.dll
0x00007ffa4fa60000 - 0x00007ffa4fa9f000 	C:\WINDOWS\SYSTEM32\NTASN1.dll
0x00007ffa33a20000 - 0x00007ffa33a28000 	C:\WINDOWS\system32\wshunix.dll

JVMTI agents:
C:\Users\DEEPAK SHARMA\.gradle\wrapper\dists\gradle-8.14.2-bin\2pb3mgt1p815evrl3weanttgr\gradle-8.14.2\lib\agents\gradle-instrumentation-agent-8.14.2.jar path:C:\Program Files\Java\jdk-24\bin\instrument.dll, loaded, initialized, instrumentlib options:none

dbghelp: loaded successfully - version: 4.0.5 - missing functions: none
symbol engine: initialized successfully - sym options: 0x614 - pdb path: .;C:\Program Files\Java\jdk-24\bin;C:\WINDOWS\SYSTEM32;C:\WINDOWS\WinSxS\amd64_microsoft.windows.common-controls_6595b64144ccf1df_6.0.26100.5651_none_3e0bb264e3315894;C:\Program Files\Java\jdk-24\bin\server;C:\Users\DEEPAK SHARMA\.gradle\native\1def1411415f61bf3af743bc5b6707747c0891f09f0c88961ee8f79bc544acac\windows-amd64;C:\Users\DEEPAK SHARMA\.gradle\native\0.2.7\x86_64-windows-gnu

VM Arguments:
jvm_args: --add-opens=java.base/java.lang=ALL-UNNAMED --add-opens=java.base/java.lang.invoke=ALL-UNNAMED --add-opens=java.base/java.util=ALL-UNNAMED --add-opens=java.prefs/java.util.prefs=ALL-UNNAMED --add-exports=jdk.compiler/com.sun.tools.javac.api=ALL-UNNAMED --add-exports=jdk.compiler/com.sun.tools.javac.util=ALL-UNNAMED --add-opens=java.base/java.util=ALL-UNNAMED --add-opens=java.prefs/java.util.prefs=ALL-UNNAMED --add-opens=java.base/java.nio.charset=ALL-UNNAMED --add-opens=java.base/java.net=ALL-UNNAMED --add-opens=java.base/java.util.concurrent.atomic=ALL-UNNAMED --add-opens=java.xml/javax.xml.namespace=ALL-UNNAMED --enable-native-access=ALL-UNNAMED -Xmx2048m -Dfile.encoding=UTF-8 -Duser.country=US -Duser.language=en -Duser.variant -javaagent:C:\Users\DEEPAK SHARMA\.gradle\wrapper\dists\gradle-8.14.2-bin\2pb3mgt1p815evrl3weanttgr\gradle-8.14.2\lib\agents\gradle-instrumentation-agent-8.14.2.jar 
java_command: org.gradle.launcher.daemon.bootstrap.GradleDaemon 8.14.2
java_class_path (initial): C:\Users\DEEPAK SHARMA\.gradle\wrapper\dists\gradle-8.14.2-bin\2pb3mgt1p815evrl3weanttgr\gradle-8.14.2\lib\gradle-daemon-main-8.14.2.jar
Launcher Type: SUN_STANDARD

[Global flags]
     intx CICompilerCount                          = 3                                         {product} {ergonomic}
     uint ConcGCThreads                            = 1                                         {product} {ergonomic}
     uint G1ConcRefinementThreads                  = 4                                         {product} {ergonomic}
   size_t G1HeapRegionSize                         = 1048576                                   {product} {ergonomic}
   size_t InitialHeapSize                          = 134217728                                 {product} {ergonomic}
   size_t MarkStackSize                            = 4194304                                   {product} {ergonomic}
   size_t MarkStackSizeMax                         = 536870912                                 {product} {ergonomic}
   size_t MaxHeapSize                              = 2147483648                                {product} {command line}
   size_t MaxNewSize                               = 1287651328                                {product} {ergonomic}
   size_t MinHeapDeltaBytes                        = 1048576                                   {product} {ergonomic}
   size_t MinHeapSize                              = 8388608                                   {product} {ergonomic}
    uintx NonNMethodCodeHeapSize                   = 5832704                                {pd product} {ergonomic}
    uintx NonProfiledCodeHeapSize                  = 122945536                              {pd product} {ergonomic}
    uintx ProfiledCodeHeapSize                     = 122880000                              {pd product} {ergonomic}
    uintx ReservedCodeCacheSize                    = 251658240                              {pd product} {ergonomic}
     bool SegmentedCodeCache                       = true                                      {product} {ergonomic}
   size_t SoftMaxHeapSize                          = 2147483648                             {manageable} {ergonomic}
     bool UseCompressedOops                        = true                           {product lp64_product} {ergonomic}
     bool UseG1GC                                  = true                                      {product} {ergonomic}
     bool UseLargePagesIndividualAllocation        = false                                  {pd product} {ergonomic}

Logging:
Log output configuration:
 #0: stdout all=warning uptime,level,tags foldmultilines=false
 #1: stderr all=off uptime,level,tags foldmultilines=false

Environment Variables:
JAVA_HOME=C:\Program Files\Java\jdk-24
CLASSPATH=C:\src\as\equestre\\gradle\wrapper\gradle-wrapper.jar
PATH=C:\Program Files (x86)\Intel\iCLS Client\;C:\Program Files\Intel\iCLS Client\;C:\Program Files\Common Files\Oracle\Java\javapath;C:\WINDOWS\system32;C:\WINDOWS;C:\WINDOWS\System32\Wbem;C:\WINDOWS\System32\WindowsPowerShell\v1.0\;C:\WINDOWS\System32\OpenSSH\;C:\ProgramData\chocolatey\bin;C:\php;C:\src\flutter\bin;C:\Users\DEEPAK SHARMA\AppData\Local\Pub\Cache\bin;C:\Program Files\Java\jdk-24\bin;C:\Users\DEEPAK SHARMA\AppData\Roaming\npm;C:\platform-tools_r34.0.3-windows\platform-tools;C:\Users\DEEPAK SHARMA\AppData\Local\Android\Sdk\platform-tools;C:\Users\DEEPAK SHARMA\AppData\Local\Android\Sdk\emulator;C:\Users\DEEPAK SHARMA\AppData\Local\Android\Sdk\cmake\3.22.1\bin;C:\Users\DEEPAK SHARMA\AppData\Local\Android\Sdk\ndk\25.2.9519653\prebuilt\windows-x86_64\;C:\Windows\Microsoft.NET\Framework\v4.0.30319;C:\Program Files (x86)\Intel\Intel(R) Management Engine Components\DAL;C:\Program Files\Intel\Intel(R) Management Engine Components\DAL;C:\Program Files (x86)\Intel\Intel(R) Management Engine Components\IPT;C:\Program Files\Intel\Intel(R) Management Engine Components\IPT;C:\xampp\php;C:\Users\DEEPAK SHARMA\AppData\Roaming\Python\Python311\Scripts;C:\src\flutter\install\bin;C:\src\install\bin;C:\src\monarch\bin\;C:\Users\DEEPAK SHARMA\AppData\Local\Android\Sdk\cmdline-tools\latest\bin;C:\Users\DEEPAK SHARMA\.config\herd\bin\nvm;C:\Program Files\nodejs;C:\WINDOWS\system32;C:\WINDOWS;C:\WINDOWS\System32\Wbem;C:\WINDOWS\System32\WindowsPowerShell\v1.0\;C:\WINDOWS\System32\OpenSSH\;C:\Users\DEEPAK SHARMA\.wasmer\bin;C:\Users\DEEPAK SHARMA\.wasmer\globals\wapm_packages\.bin;C:\Program Files\Git\cmd;C:\Users\DEEPAK SHARMA\.config\herd\bin;C:\Program Files\MySQL\MySQL Shell 8.0\bin\;C:\Users\DEEPAK SHARMA\AppData\Local\Microsoft\WindowsApps;C:\Program Files\JetBrains\WebStorm 2024.3\bin;;C:\Users\DEEPAK SHARMA\AppData\Local\Programs\Microsoft VS Code\bin;C:\Users\DEEPAK SHARMA\.wasmer\bin
USERNAME=DEEPAK SHARMA
OS=Windows_NT
PROCESSOR_IDENTIFIER=Intel64 Family 6 Model 158 Stepping 9, GenuineIntel
TMP=C:\Users\DEEPAK~1\AppData\Local\Temp
TEMP=C:\Users\DEEPAK~1\AppData\Local\Temp




Periodic native trim disabled

---------------  S Y S T E M  ---------------

OS:
 Windows 11 , 64 bit Build 26100 (10.0.26100.5651)
OS uptime: 0 days 1:24 hours

CPU: total 4 (initial active 4) (4 cores per cpu, 1 threads per core) family 6 model 158 stepping 9 microcode 0xde, cx8, cmov, fxsr, mmx, 3dnowpref, sse, sse2, sse3, ssse3, sse4.1, sse4.2, popcnt, lzcnt, tsc, tscinvbit, avx, avx2, aes, erms, clmul, bmi1, bmi2, adx, fma, vzeroupper, clflush, clflushopt, rdtscp, f16c
Processor Information for the first 4 processors :
  Max Mhz: 2496, Current Mhz: 2496, Mhz Limit: 2496

Memory: 4k page, system-wide physical 8075M (752M free)
TotalPageFile size 17923M (AvailPageFile size 3M)
current process WorkingSet (physical memory assigned to process): 213M, peak: 214M
current process commit charge ("private bytes"): 294M, peak: 295M

vm_info: Java HotSpot(TM) 64-Bit Server VM (24.0.1+9-30) for windows-amd64 JRE (24.0.1+9-30), built on 2025-03-05T07:23:45Z with MS VC++ 17.6 (VS2022)

END.
